{"/home/travis/build/npmtest/node-npmtest-stack.io/test.js":{"path":"/home/travis/build/npmtest/node-npmtest-stack.io/test.js","s":{"1":2,"2":2,"3":2,"4":2,"5":2,"6":2,"7":2,"8":1,"9":2,"10":2,"11":1,"12":1,"13":1,"14":1,"15":2,"16":2,"17":2,"18":2,"19":1,"20":1,"21":2,"22":2,"23":2,"24":1,"25":1,"26":1,"27":1,"28":1,"29":1,"30":1,"31":1,"32":1,"33":1,"34":1,"35":1,"36":1,"37":1,"38":1,"39":2,"40":2,"41":1,"42":2,"43":2,"44":1,"45":2,"46":2,"47":1,"48":2,"49":2,"50":1,"51":1,"52":1,"53":1,"54":1},"b":{"1":[2,1,1,1],"2":[1,1,1,1],"3":[1,1],"4":[1,1],"5":[1,1],"6":[1,1],"7":[1,1],"8":[1,1],"9":[1,1],"10":[1,1,1],"11":[1,1],"12":[1,1],"13":[1,1],"14":[1,1],"15":[1,1],"16":[1,1],"17":[1,1]},"f":{"1":2,"2":2,"3":2,"4":2,"5":2,"6":1,"7":1,"8":1,"9":2,"10":2,"11":2,"12":2,"13":1},"fnMap":{"1":{"name":"(anonymous_1)","line":12,"loc":{"start":{"line":12,"column":1},"end":{"line":12,"column":13}}},"2":{"name":"(anonymous_2)","line":19,"loc":{"start":{"line":19,"column":5},"end":{"line":19,"column":17}}},"3":{"name":"(anonymous_3)","line":23,"loc":{"start":{"line":23,"column":24},"end":{"line":23,"column":36}}},"4":{"name":"(anonymous_4)","line":61,"loc":{"start":{"line":61,"column":5},"end":{"line":61,"column":17}}},"5":{"name":"(anonymous_5)","line":82,"loc":{"start":{"line":82,"column":5},"end":{"line":82,"column":17}}},"6":{"name":"(anonymous_6)","line":91,"loc":{"start":{"line":91,"column":77},"end":{"line":94,"column":10}}},"7":{"name":"(anonymous_7)","line":112,"loc":{"start":{"line":112,"column":83},"end":{"line":115,"column":10}},"skip":true},"8":{"name":"(anonymous_8)","line":123,"loc":{"start":{"line":123,"column":77},"end":{"line":126,"column":10}},"skip":true},"9":{"name":"(anonymous_9)","line":139,"loc":{"start":{"line":139,"column":12},"end":{"line":139,"column":40}},"skip":true},"10":{"name":"(anonymous_10)","line":147,"loc":{"start":{"line":147,"column":77},"end":{"line":150,"column":10}},"skip":true},"11":{"name":"(anonymous_11)","line":158,"loc":{"start":{"line":158,"column":83},"end":{"line":161,"column":10}},"skip":true},"12":{"name":"(anonymous_12)","line":169,"loc":{"start":{"line":169,"column":79},"end":{"line":172,"column":10}},"skip":true},"13":{"name":"(anonymous_13)","line":180,"loc":{"start":{"line":180,"column":75},"end":{"line":183,"column":10}},"skip":true}},"statementMap":{"1":{"start":{"line":12,"column":0},"end":{"line":195,"column":5}},"2":{"start":{"line":14,"column":4},"end":{"line":14,"column":14}},"3":{"start":{"line":19,"column":4},"end":{"line":56,"column":9}},"4":{"start":{"line":21,"column":8},"end":{"line":21,"column":19}},"5":{"start":{"line":23,"column":8},"end":{"line":35,"column":13}},"6":{"start":{"line":24,"column":12},"end":{"line":34,"column":13}},"7":{"start":{"line":25,"column":16},"end":{"line":28,"column":30}},"8":{"start":{"line":30,"column":16},"end":{"line":33,"column":27}},"9":{"start":{"line":37,"column":8},"end":{"line":39,"column":21}},"10":{"start":{"line":40,"column":8},"end":{"line":53,"column":9}},"11":{"start":{"line":43,"column":12},"end":{"line":46,"column":14}},"12":{"start":{"line":47,"column":12},"end":{"line":47,"column":18}},"13":{"start":{"line":50,"column":12},"end":{"line":51,"column":33}},"14":{"start":{"line":52,"column":12},"end":{"line":52,"column":18}},"15":{"start":{"line":55,"column":8},"end":{"line":55,"column":35}},"16":{"start":{"line":61,"column":4},"end":{"line":63,"column":9}},"17":{"start":{"line":62,"column":8},"end":{"line":62,"column":15}},"18":{"start":{"line":64,"column":4},"end":{"line":77,"column":5}},"19":{"start":{"line":70,"column":8},"end":{"line":70,"column":14}},"20":{"start":{"line":76,"column":8},"end":{"line":76,"column":14}},"21":{"start":{"line":82,"column":4},"end":{"line":84,"column":9}},"22":{"start":{"line":83,"column":8},"end":{"line":83,"column":15}},"23":{"start":{"line":85,"column":4},"end":{"line":194,"column":5}},"24":{"start":{"line":91,"column":8},"end":{"line":99,"column":10}},"25":{"start":{"line":98,"column":12},"end":{"line":98,"column":35}},"26":{"start":{"line":102,"column":8},"end":{"line":104,"column":63}},"27":{"start":{"line":105,"column":8},"end":{"line":105,"column":14}},"28":{"start":{"line":112,"column":8},"end":{"line":121,"column":10},"skip":true},"29":{"start":{"line":119,"column":12},"end":{"line":119,"column":55},"skip":true},"30":{"start":{"line":120,"column":12},"end":{"line":120,"column":48},"skip":true},"31":{"start":{"line":123,"column":8},"end":{"line":136,"column":10},"skip":true},"32":{"start":{"line":130,"column":12},"end":{"line":130,"column":76},"skip":true},"33":{"start":{"line":131,"column":12},"end":{"line":131,"column":73},"skip":true},"34":{"start":{"line":132,"column":12},"end":{"line":132,"column":74},"skip":true},"35":{"start":{"line":133,"column":12},"end":{"line":133,"column":79},"skip":true},"36":{"start":{"line":134,"column":12},"end":{"line":134,"column":25},"skip":true},"37":{"start":{"line":135,"column":12},"end":{"line":135,"column":45},"skip":true},"38":{"start":{"line":138,"column":8},"end":{"line":145,"column":14},"skip":true},"39":{"start":{"line":143,"column":16},"end":{"line":143,"column":29},"skip":true},"40":{"start":{"line":144,"column":16},"end":{"line":144,"column":55},"skip":true},"41":{"start":{"line":147,"column":8},"end":{"line":156,"column":10},"skip":true},"42":{"start":{"line":154,"column":12},"end":{"line":154,"column":25},"skip":true},"43":{"start":{"line":155,"column":12},"end":{"line":155,"column":45},"skip":true},"44":{"start":{"line":158,"column":8},"end":{"line":167,"column":10},"skip":true},"45":{"start":{"line":165,"column":12},"end":{"line":165,"column":25},"skip":true},"46":{"start":{"line":166,"column":12},"end":{"line":166,"column":48},"skip":true},"47":{"start":{"line":169,"column":8},"end":{"line":178,"column":10},"skip":true},"48":{"start":{"line":176,"column":12},"end":{"line":176,"column":25},"skip":true},"49":{"start":{"line":177,"column":12},"end":{"line":177,"column":46},"skip":true},"50":{"start":{"line":180,"column":8},"end":{"line":189,"column":10},"skip":true},"51":{"start":{"line":187,"column":12},"end":{"line":187,"column":94},"skip":true},"52":{"start":{"line":188,"column":12},"end":{"line":188,"column":48},"skip":true},"53":{"start":{"line":192,"column":8},"end":{"line":192,"column":35},"skip":true},"54":{"start":{"line":193,"column":8},"end":{"line":193,"column":14},"skip":true}},"branchMap":{"1":{"line":25,"type":"binary-expr","locations":[{"start":{"line":25,"column":23},"end":{"line":25,"column":62}},{"start":{"line":26,"column":20},"end":{"line":26,"column":70}},{"start":{"line":27,"column":20},"end":{"line":27,"column":71}},{"start":{"line":28,"column":20},"end":{"line":28,"column":29}}]},"2":{"line":30,"type":"binary-expr","locations":[{"start":{"line":30,"column":23},"end":{"line":30,"column":37}},{"start":{"line":31,"column":20},"end":{"line":31,"column":61}},{"start":{"line":32,"column":20},"end":{"line":32,"column":70}},{"start":{"line":33,"column":20},"end":{"line":33,"column":26}}]},"3":{"line":37,"type":"cond-expr","locations":[{"start":{"line":38,"column":14},"end":{"line":38,"column":20}},{"start":{"line":39,"column":14},"end":{"line":39,"column":20}}]},"4":{"line":40,"type":"switch","locations":[{"start":{"line":42,"column":8},"end":{"line":47,"column":18}},{"start":{"line":49,"column":8},"end":{"line":52,"column":18}}]},"5":{"line":44,"type":"binary-expr","locations":[{"start":{"line":44,"column":16},"end":{"line":44,"column":44}},{"start":{"line":44,"column":48},"end":{"line":44,"column":66}}]},"6":{"line":50,"type":"binary-expr","locations":[{"start":{"line":50,"column":21},"end":{"line":50,"column":49}},{"start":{"line":50,"column":53},"end":{"line":50,"column":72}}]},"7":{"line":64,"type":"switch","locations":[{"start":{"line":69,"column":4},"end":{"line":70,"column":14}},{"start":{"line":75,"column":4},"end":{"line":76,"column":14}}]},"8":{"line":85,"type":"switch","locations":[{"start":{"line":90,"column":4},"end":{"line":105,"column":14}},{"start":{"line":111,"column":4},"end":{"line":193,"column":14},"skip":true}]},"9":{"line":91,"type":"binary-expr","locations":[{"start":{"line":91,"column":42},"end":{"line":91,"column":73}},{"start":{"line":91,"column":77},"end":{"line":99,"column":9}}]},"10":{"line":102,"type":"binary-expr","locations":[{"start":{"line":102,"column":18},"end":{"line":102,"column":32}},{"start":{"line":103,"column":12},"end":{"line":103,"column":53}},{"start":{"line":104,"column":12},"end":{"line":104,"column":61}}]},"11":{"line":112,"type":"binary-expr","locations":[{"start":{"line":112,"column":45},"end":{"line":112,"column":79},"skip":true},{"start":{"line":112,"column":83},"end":{"line":121,"column":9},"skip":true}]},"12":{"line":123,"type":"binary-expr","locations":[{"start":{"line":123,"column":42},"end":{"line":123,"column":73},"skip":true},{"start":{"line":123,"column":77},"end":{"line":136,"column":9},"skip":true}]},"13":{"line":138,"type":"binary-expr","locations":[{"start":{"line":138,"column":48},"end":{"line":138,"column":85},"skip":true},{"start":{"line":139,"column":12},"end":{"line":145,"column":13},"skip":true}]},"14":{"line":147,"type":"binary-expr","locations":[{"start":{"line":147,"column":42},"end":{"line":147,"column":73},"skip":true},{"start":{"line":147,"column":77},"end":{"line":156,"column":9},"skip":true}]},"15":{"line":158,"type":"binary-expr","locations":[{"start":{"line":158,"column":45},"end":{"line":158,"column":79},"skip":true},{"start":{"line":158,"column":83},"end":{"line":167,"column":9},"skip":true}]},"16":{"line":169,"type":"binary-expr","locations":[{"start":{"line":169,"column":43},"end":{"line":169,"column":75},"skip":true},{"start":{"line":169,"column":79},"end":{"line":178,"column":9},"skip":true}]},"17":{"line":180,"type":"binary-expr","locations":[{"start":{"line":180,"column":41},"end":{"line":180,"column":71},"skip":true},{"start":{"line":180,"column":75},"end":{"line":189,"column":9},"skip":true}]}},"code":["/* istanbul instrument in package npmtest_stack_io */","/*jslint","    bitwise: true,","    browser: true,","    maxerr: 8,","    maxlen: 96,","    node: true,","    nomen: true,","    regexp: true,","    stupid: true","*/","(function () {","    'use strict';","    var local;","","","","    // run shared js-env code - pre-init","    (function () {","        // init local","        local = {};","        // init modeJs","        local.modeJs = (function () {","            try {","                return typeof navigator.userAgent === 'string' &&","                    typeof document.querySelector('body') === 'object' &&","                    typeof XMLHttpRequest.prototype.open === 'function' &&","                    'browser';","            } catch (errorCaughtBrowser) {","                return module.exports &&","                    typeof process.versions.node === 'string' &&","                    typeof require('http').createServer === 'function' &&","                    'node';","            }","        }());","        // init global","        local.global = local.modeJs === 'browser'","            ? window","            : global;","        switch (local.modeJs) {","        // re-init local from window.local","        case 'browser':","            local = local.global.utility2.objectSetDefault(","                local.global.utility2_rollup || local.global.local,","                local.global.utility2","            );","            break;","        // re-init local from example.js","        case 'node':","            local = (local.global.utility2_rollup || require('utility2'))","                .requireReadme();","            break;","        }","        // export local","        local.global.local = local;","    }());","","","","    // run shared js-env code - function","    (function () {","        return;","    }());","    switch (local.modeJs) {","","","","    // run browser js-env code - function","    case 'browser':","        break;","","","","    // run node js-env code - function","    case 'node':","        break;","    }","","","","    // run shared js-env code - post-init","    (function () {","        return;","    }());","    switch (local.modeJs) {","","","","    // run browser js-env code - post-init","    case 'browser':","        local.testCase_browser_nullCase = local.testCase_browser_nullCase || function (","            options,","            onError","        ) {","        /*","         * this function will test browsers's null-case handling-behavior-behavior","         */","            onError(null, options);","        };","","        // run tests","        local.nop(local.modeTest &&","            document.querySelector('#testRunButton1') &&","            document.querySelector('#testRunButton1').click());","        break;","","","","    // run node js-env code - post-init","    /* istanbul ignore next */","    case 'node':","        local.testCase_buildApidoc_default = local.testCase_buildApidoc_default || function (","            options,","            onError","        ) {","        /*","         * this function will test buildApidoc's default handling-behavior-behavior","         */","            options = { modulePathList: module.paths };","            local.buildApidoc(options, onError);","        };","","        local.testCase_buildApp_default = local.testCase_buildApp_default || function (","            options,","            onError","        ) {","        /*","         * this function will test buildApp's default handling-behavior-behavior","         */","            local.testCase_buildReadme_default(options, local.onErrorThrow);","            local.testCase_buildLib_default(options, local.onErrorThrow);","            local.testCase_buildTest_default(options, local.onErrorThrow);","            local.testCase_buildCustomOrg_default(options, local.onErrorThrow);","            options = [];","            local.buildApp(options, onError);","        };","","        local.testCase_buildCustomOrg_default = local.testCase_buildCustomOrg_default ||","            function (options, onError) {","            /*","             * this function will test buildCustomOrg's default handling-behavior","             */","                options = {};","                local.buildCustomOrg(options, onError);","            };","","        local.testCase_buildLib_default = local.testCase_buildLib_default || function (","            options,","            onError","        ) {","        /*","         * this function will test buildLib's default handling-behavior","         */","            options = {};","            local.buildLib(options, onError);","        };","","        local.testCase_buildReadme_default = local.testCase_buildReadme_default || function (","            options,","            onError","        ) {","        /*","         * this function will test buildReadme's default handling-behavior-behavior","         */","            options = {};","            local.buildReadme(options, onError);","        };","","        local.testCase_buildTest_default = local.testCase_buildTest_default || function (","            options,","            onError","        ) {","        /*","         * this function will test buildTest's default handling-behavior","         */","            options = {};","            local.buildTest(options, onError);","        };","","        local.testCase_webpage_default = local.testCase_webpage_default || function (","            options,","            onError","        ) {","        /*","         * this function will test webpage's default handling-behavior","         */","            options = { modeCoverageMerge: true, url: local.serverLocalHost + '?modeTest=1' };","            local.browserTest(options, onError);","        };","","        // run test-server","        local.testRunServer(local);","        break;","    }","}());",""],"l":{"12":2,"14":2,"19":2,"21":2,"23":2,"24":2,"25":2,"30":1,"37":2,"40":2,"43":1,"47":1,"50":1,"52":1,"55":2,"61":2,"62":2,"64":2,"70":1,"76":1,"82":2,"83":2,"85":2,"91":1,"98":1,"102":1,"105":1,"112":1,"119":1,"120":1,"123":1,"130":1,"131":1,"132":1,"133":1,"134":1,"135":1,"138":1,"143":2,"144":2,"147":1,"154":2,"155":2,"158":1,"165":2,"166":2,"169":1,"176":2,"177":2,"180":1,"187":1,"188":1,"192":1,"193":1}},"/home/travis/build/npmtest/node-npmtest-stack.io/lib.npmtest_stack.io.js":{"path":"/home/travis/build/npmtest/node-npmtest-stack.io/lib.npmtest_stack.io.js","s":{"1":2,"2":2,"3":2,"4":2,"5":2,"6":2,"7":2,"8":1,"9":2,"10":2,"11":2,"12":2,"13":1,"14":1,"15":1,"16":1},"b":{"1":[2,1,1,1],"2":[1,1,1,1],"3":[1,1],"4":[2,2],"5":[1,1]},"f":{"1":2,"2":2,"3":2},"fnMap":{"1":{"name":"(anonymous_1)","line":12,"loc":{"start":{"line":12,"column":1},"end":{"line":12,"column":13}}},"2":{"name":"(anonymous_2)","line":19,"loc":{"start":{"line":19,"column":5},"end":{"line":19,"column":17}}},"3":{"name":"(anonymous_3)","line":23,"loc":{"start":{"line":23,"column":24},"end":{"line":23,"column":36}}}},"statementMap":{"1":{"start":{"line":12,"column":0},"end":{"line":53,"column":5}},"2":{"start":{"line":14,"column":4},"end":{"line":14,"column":14}},"3":{"start":{"line":19,"column":4},"end":{"line":52,"column":9}},"4":{"start":{"line":21,"column":8},"end":{"line":21,"column":19}},"5":{"start":{"line":23,"column":8},"end":{"line":35,"column":13}},"6":{"start":{"line":24,"column":12},"end":{"line":34,"column":13}},"7":{"start":{"line":25,"column":16},"end":{"line":28,"column":30}},"8":{"start":{"line":30,"column":16},"end":{"line":33,"column":27}},"9":{"start":{"line":37,"column":8},"end":{"line":39,"column":21}},"10":{"start":{"line":41,"column":8},"end":{"line":41,"column":54}},"11":{"start":{"line":43,"column":8},"end":{"line":43,"column":53}},"12":{"start":{"line":45,"column":8},"end":{"line":51,"column":9}},"13":{"start":{"line":46,"column":12},"end":{"line":46,"column":59}},"14":{"start":{"line":48,"column":12},"end":{"line":48,"column":35}},"15":{"start":{"line":49,"column":12},"end":{"line":49,"column":49}},"16":{"start":{"line":50,"column":12},"end":{"line":50,"column":43}}},"branchMap":{"1":{"line":25,"type":"binary-expr","locations":[{"start":{"line":25,"column":23},"end":{"line":25,"column":62}},{"start":{"line":26,"column":20},"end":{"line":26,"column":70}},{"start":{"line":27,"column":20},"end":{"line":27,"column":71}},{"start":{"line":28,"column":20},"end":{"line":28,"column":29}}]},"2":{"line":30,"type":"binary-expr","locations":[{"start":{"line":30,"column":23},"end":{"line":30,"column":37}},{"start":{"line":31,"column":20},"end":{"line":31,"column":61}},{"start":{"line":32,"column":20},"end":{"line":32,"column":70}},{"start":{"line":33,"column":20},"end":{"line":33,"column":26}}]},"3":{"line":37,"type":"cond-expr","locations":[{"start":{"line":38,"column":14},"end":{"line":38,"column":20}},{"start":{"line":39,"column":14},"end":{"line":39,"column":20}}]},"4":{"line":41,"type":"binary-expr","locations":[{"start":{"line":41,"column":16},"end":{"line":41,"column":44}},{"start":{"line":41,"column":48},"end":{"line":41,"column":53}}]},"5":{"line":45,"type":"if","locations":[{"start":{"line":45,"column":8},"end":{"line":45,"column":8}},{"start":{"line":45,"column":8},"end":{"line":45,"column":8}}]}},"code":["/* istanbul instrument in package npmtest_stack_io */","/*jslint","    bitwise: true,","    browser: true,","    maxerr: 8,","    maxlen: 96,","    node: true,","    nomen: true,","    regexp: true,","    stupid: true","*/","(function () {","    'use strict';","    var local;","","","","    // run shared js-env code - pre-init","    (function () {","        // init local","        local = {};","        // init modeJs","        local.modeJs = (function () {","            try {","                return typeof navigator.userAgent === 'string' &&","                    typeof document.querySelector('body') === 'object' &&","                    typeof XMLHttpRequest.prototype.open === 'function' &&","                    'browser';","            } catch (errorCaughtBrowser) {","                return module.exports &&","                    typeof process.versions.node === 'string' &&","                    typeof require('http').createServer === 'function' &&","                    'node';","            }","        }());","        // init global","        local.global = local.modeJs === 'browser'","            ? window","            : global;","        // init utility2_rollup","        local = local.global.utility2_rollup || local;","        // init lib","        local.local = local.npmtest_stack_io = local;","        // init exports","        if (local.modeJs === 'browser') {","            local.global.utility2_npmtest_stack_io = local;","        } else {","            module.exports = local;","            module.exports.__dirname = __dirname;","            module.exports.module = module;","        }","    }());","}());",""],"l":{"12":2,"14":2,"19":2,"21":2,"23":2,"24":2,"25":2,"30":1,"37":2,"41":2,"43":2,"45":2,"46":1,"48":1,"49":1,"50":1}},"/home/travis/build/npmtest/node-npmtest-stack.io/example.js":{"path":"/home/travis/build/npmtest/node-npmtest-stack.io/example.js","s":{"1":2,"2":2,"3":2,"4":2,"5":2,"6":2,"7":2,"8":1,"9":2,"10":2,"11":2,"12":2,"13":1,"14":2,"15":2,"16":2,"17":2,"18":2,"19":0,"20":2,"21":1,"22":1,"23":1,"24":1,"25":1,"26":0,"27":0,"28":1,"29":1,"30":2,"31":0,"32":0,"33":0,"34":1,"35":2,"36":2,"37":3,"38":3,"39":3,"40":3,"41":0,"42":3,"43":3,"44":3,"45":1,"46":3,"47":1,"48":1,"49":1,"50":1,"51":1,"52":1,"53":1,"54":1,"55":1,"56":1,"57":0,"58":1,"59":6,"60":6,"61":1,"62":2,"63":0,"64":2,"65":1,"66":1,"67":0,"68":0,"69":0,"70":0,"71":0,"72":0,"73":0,"74":0,"75":0,"76":0,"77":0,"78":0,"79":0,"80":0,"81":0,"82":0,"83":0},"b":{"1":[2,1,1,1],"2":[1,1,1,1],"3":[1,1],"4":[2,2],"5":[1,1],"6":[1,1],"7":[2,0],"8":[2,1,1,1,1,1],"9":[0,2,0],"10":[1,1],"11":[2,1,1],"12":[1,0],"13":[0,2],"14":[2,0,0,0,0,0,0],"15":[0,3],"16":[3,0],"17":[1,1],"18":[0,1],"19":[1,2,0,2],"20":[1,0],"21":[1,1],"22":[0,0],"23":[0,0],"24":[0,0],"25":[0,0],"26":[0,0],"27":[0,0],"28":[0,0]},"f":{"1":2,"2":2,"3":2,"4":2,"5":2,"6":2,"7":3,"8":3,"9":3,"10":1,"11":6,"12":0},"fnMap":{"1":{"name":"(anonymous_1)","line":26,"loc":{"start":{"line":26,"column":1},"end":{"line":26,"column":13}}},"2":{"name":"(anonymous_2)","line":33,"loc":{"start":{"line":33,"column":5},"end":{"line":33,"column":17}}},"3":{"name":"(anonymous_3)","line":37,"loc":{"start":{"line":37,"column":24},"end":{"line":37,"column":36}}},"4":{"name":"(anonymous_4)","line":69,"loc":{"start":{"line":69,"column":31},"end":{"line":69,"column":48}},"skip":true},"5":{"name":"(anonymous_5)","line":78,"loc":{"start":{"line":78,"column":26},"end":{"line":78,"column":45}},"skip":true},"6":{"name":"(anonymous_6)","line":123,"loc":{"start":{"line":123,"column":33},"end":{"line":123,"column":48}},"skip":true},"7":{"name":"(anonymous_7)","line":125,"loc":{"start":{"line":125,"column":27},"end":{"line":125,"column":39}},"skip":true},"8":{"name":"(anonymous_8)","line":133,"loc":{"start":{"line":133,"column":59},"end":{"line":133,"column":74}},"skip":true},"9":{"name":"(anonymous_9)","line":143,"loc":{"start":{"line":143,"column":45},"end":{"line":143,"column":62}},"skip":true},"10":{"name":"(anonymous_10)","line":144,"loc":{"start":{"line":144,"column":73},"end":{"line":144,"column":92}},"skip":true},"11":{"name":"(anonymous_11)","line":272,"loc":{"start":{"line":272,"column":51},"end":{"line":272,"column":77}},"skip":true},"12":{"name":"(anonymous_12)","line":315,"loc":{"start":{"line":315,"column":32},"end":{"line":315,"column":61}},"skip":true}},"statementMap":{"1":{"start":{"line":26,"column":0},"end":{"line":326,"column":5}},"2":{"start":{"line":28,"column":4},"end":{"line":28,"column":14}},"3":{"start":{"line":33,"column":4},"end":{"line":60,"column":9}},"4":{"start":{"line":35,"column":8},"end":{"line":35,"column":19}},"5":{"start":{"line":37,"column":8},"end":{"line":49,"column":13}},"6":{"start":{"line":38,"column":12},"end":{"line":48,"column":13}},"7":{"start":{"line":39,"column":16},"end":{"line":42,"column":30}},"8":{"start":{"line":44,"column":16},"end":{"line":47,"column":27}},"9":{"start":{"line":51,"column":8},"end":{"line":53,"column":21}},"10":{"start":{"line":55,"column":8},"end":{"line":57,"column":45}},"11":{"start":{"line":59,"column":8},"end":{"line":59,"column":35}},"12":{"start":{"line":61,"column":4},"end":{"line":325,"column":5}},"13":{"start":{"line":69,"column":8},"end":{"line":121,"column":10},"skip":true},"14":{"start":{"line":70,"column":12},"end":{"line":88,"column":13},"skip":true},"15":{"start":{"line":76,"column":16},"end":{"line":87,"column":19},"skip":true},"16":{"start":{"line":79,"column":20},"end":{"line":86,"column":21},"skip":true},"17":{"start":{"line":82,"column":24},"end":{"line":82,"column":43},"skip":true},"18":{"start":{"line":83,"column":24},"end":{"line":83,"column":30},"skip":true},"19":{"start":{"line":85,"column":24},"end":{"line":85,"column":49},"skip":true},"20":{"start":{"line":89,"column":12},"end":{"line":107,"column":13},"skip":true},"21":{"start":{"line":92,"column":16},"end":{"line":102,"column":17},"skip":true},"22":{"start":{"line":93,"column":20},"end":{"line":93,"column":86},"skip":true},"23":{"start":{"line":94,"column":20},"end":{"line":95,"column":45},"skip":true},"24":{"start":{"line":96,"column":20},"end":{"line":96,"column":42},"skip":true},"25":{"start":{"line":97,"column":20},"end":{"line":97,"column":48},"skip":true},"26":{"start":{"line":100,"column":20},"end":{"line":100,"column":85},"skip":true},"27":{"start":{"line":101,"column":20},"end":{"line":101,"column":96},"skip":true},"28":{"start":{"line":103,"column":16},"end":{"line":103,"column":22},"skip":true},"29":{"start":{"line":106,"column":16},"end":{"line":106,"column":22},"skip":true},"30":{"start":{"line":108,"column":12},"end":{"line":120,"column":13},"skip":true},"31":{"start":{"line":114,"column":16},"end":{"line":119,"column":17},"skip":true},"32":{"start":{"line":116,"column":20},"end":{"line":116,"column":78},"skip":true},"33":{"start":{"line":118,"column":20},"end":{"line":118,"column":47},"skip":true},"34":{"start":{"line":123,"column":8},"end":{"line":141,"column":11},"skip":true},"35":{"start":{"line":124,"column":12},"end":{"line":124,"column":54},"skip":true},"36":{"start":{"line":125,"column":12},"end":{"line":140,"column":14},"skip":true},"37":{"start":{"line":126,"column":16},"end":{"line":126,"column":28},"skip":true},"38":{"start":{"line":127,"column":16},"end":{"line":127,"column":69},"skip":true},"39":{"start":{"line":128,"column":16},"end":{"line":128,"column":75},"skip":true},"40":{"start":{"line":129,"column":16},"end":{"line":131,"column":17},"skip":true},"41":{"start":{"line":130,"column":20},"end":{"line":130,"column":27},"skip":true},"42":{"start":{"line":133,"column":16},"end":{"line":137,"column":36},"skip":true},"43":{"start":{"line":134,"column":20},"end":{"line":136,"column":55},"skip":true},"44":{"start":{"line":139,"column":16},"end":{"line":139,"column":57},"skip":true},"45":{"start":{"line":143,"column":8},"end":{"line":147,"column":11},"skip":true},"46":{"start":{"line":144,"column":12},"end":{"line":146,"column":15},"skip":true},"47":{"start":{"line":145,"column":16},"end":{"line":145,"column":70},"skip":true},"48":{"start":{"line":149,"column":8},"end":{"line":149,"column":31},"skip":true},"49":{"start":{"line":150,"column":8},"end":{"line":150,"column":14},"skip":true},"50":{"start":{"line":158,"column":8},"end":{"line":158,"column":31},"skip":true},"51":{"start":{"line":160,"column":8},"end":{"line":160,"column":33},"skip":true},"52":{"start":{"line":161,"column":8},"end":{"line":161,"column":37},"skip":true},"53":{"start":{"line":162,"column":8},"end":{"line":162,"column":35},"skip":true},"54":{"start":{"line":164,"column":8},"end":{"line":164,"column":50},"skip":true},"55":{"start":{"line":166,"column":8},"end":{"line":256,"column":2},"skip":true},"56":{"start":{"line":258,"column":8},"end":{"line":286,"column":9},"skip":true},"57":{"start":{"line":259,"column":12},"end":{"line":269,"column":14},"skip":true},"58":{"start":{"line":271,"column":12},"end":{"line":285,"column":19},"skip":true},"59":{"start":{"line":274,"column":20},"end":{"line":274,"column":35},"skip":true},"60":{"start":{"line":275,"column":20},"end":{"line":284,"column":21},"skip":true},"61":{"start":{"line":277,"column":24},"end":{"line":277,"column":64},"skip":true},"62":{"start":{"line":279,"column":24},"end":{"line":279,"column":40},"skip":true},"63":{"start":{"line":281,"column":24},"end":{"line":281,"column":40},"skip":true},"64":{"start":{"line":283,"column":24},"end":{"line":283,"column":39},"skip":true},"65":{"start":{"line":288,"column":8},"end":{"line":290,"column":9},"skip":true},"66":{"start":{"line":289,"column":12},"end":{"line":289,"column":18},"skip":true},"67":{"start":{"line":291,"column":8},"end":{"line":293,"column":54},"skip":true},"68":{"start":{"line":296,"column":8},"end":{"line":301,"column":37},"skip":true},"69":{"start":{"line":303,"column":8},"end":{"line":303,"column":82},"skip":true},"70":{"start":{"line":306,"column":8},"end":{"line":308,"column":9},"skip":true},"71":{"start":{"line":307,"column":12},"end":{"line":307,"column":82},"skip":true},"72":{"start":{"line":310,"column":8},"end":{"line":312,"column":9},"skip":true},"73":{"start":{"line":311,"column":12},"end":{"line":311,"column":18},"skip":true},"74":{"start":{"line":313,"column":8},"end":{"line":313,"column":54},"skip":true},"75":{"start":{"line":314,"column":8},"end":{"line":314,"column":69},"skip":true},"76":{"start":{"line":315,"column":8},"end":{"line":323,"column":36},"skip":true},"77":{"start":{"line":316,"column":12},"end":{"line":316,"column":61},"skip":true},"78":{"start":{"line":317,"column":12},"end":{"line":320,"column":13},"skip":true},"79":{"start":{"line":318,"column":16},"end":{"line":318,"column":75},"skip":true},"80":{"start":{"line":319,"column":16},"end":{"line":319,"column":23},"skip":true},"81":{"start":{"line":321,"column":12},"end":{"line":321,"column":38},"skip":true},"82":{"start":{"line":322,"column":12},"end":{"line":322,"column":27},"skip":true},"83":{"start":{"line":324,"column":8},"end":{"line":324,"column":14},"skip":true}},"branchMap":{"1":{"line":39,"type":"binary-expr","locations":[{"start":{"line":39,"column":23},"end":{"line":39,"column":62}},{"start":{"line":40,"column":20},"end":{"line":40,"column":70}},{"start":{"line":41,"column":20},"end":{"line":41,"column":71}},{"start":{"line":42,"column":20},"end":{"line":42,"column":29}}]},"2":{"line":44,"type":"binary-expr","locations":[{"start":{"line":44,"column":23},"end":{"line":44,"column":37}},{"start":{"line":45,"column":20},"end":{"line":45,"column":61}},{"start":{"line":46,"column":20},"end":{"line":46,"column":70}},{"start":{"line":47,"column":20},"end":{"line":47,"column":26}}]},"3":{"line":51,"type":"cond-expr","locations":[{"start":{"line":52,"column":14},"end":{"line":52,"column":20}},{"start":{"line":53,"column":14},"end":{"line":53,"column":20}}]},"4":{"line":55,"type":"binary-expr","locations":[{"start":{"line":55,"column":16},"end":{"line":55,"column":44}},{"start":{"line":55,"column":49},"end":{"line":57,"column":43}}]},"5":{"line":55,"type":"cond-expr","locations":[{"start":{"line":56,"column":14},"end":{"line":56,"column":52}},{"start":{"line":57,"column":14},"end":{"line":57,"column":43}}]},"6":{"line":61,"type":"switch","locations":[{"start":{"line":68,"column":4},"end":{"line":150,"column":14},"skip":true},{"start":{"line":156,"column":4},"end":{"line":324,"column":14},"skip":true}]},"7":{"line":70,"type":"if","locations":[{"start":{"line":70,"column":12},"end":{"line":70,"column":12},"skip":true},{"start":{"line":70,"column":12},"end":{"line":70,"column":12},"skip":true}]},"8":{"line":70,"type":"binary-expr","locations":[{"start":{"line":70,"column":16},"end":{"line":70,"column":22},"skip":true},{"start":{"line":70,"column":27},"end":{"line":70,"column":32},"skip":true},{"start":{"line":71,"column":20},"end":{"line":71,"column":39},"skip":true},{"start":{"line":72,"column":20},"end":{"line":72,"column":49},"skip":true},{"start":{"line":73,"column":20},"end":{"line":73,"column":58},"skip":true},{"start":{"line":74,"column":20},"end":{"line":74,"column":69},"skip":true}]},"9":{"line":79,"type":"switch","locations":[{"start":{"line":80,"column":20},"end":{"line":80,"column":33},"skip":true},{"start":{"line":81,"column":20},"end":{"line":83,"column":30},"skip":true},{"start":{"line":84,"column":20},"end":{"line":85,"column":49},"skip":true}]},"10":{"line":89,"type":"switch","locations":[{"start":{"line":90,"column":12},"end":{"line":103,"column":22},"skip":true},{"start":{"line":105,"column":12},"end":{"line":106,"column":22},"skip":true}]},"11":{"line":89,"type":"binary-expr","locations":[{"start":{"line":89,"column":20},"end":{"line":89,"column":25},"skip":true},{"start":{"line":89,"column":29},"end":{"line":89,"column":48},"skip":true},{"start":{"line":89,"column":52},"end":{"line":89,"column":74},"skip":true}]},"12":{"line":92,"type":"if","locations":[{"start":{"line":92,"column":16},"end":{"line":92,"column":16},"skip":true},{"start":{"line":92,"column":16},"end":{"line":92,"column":16},"skip":true}]},"13":{"line":108,"type":"if","locations":[{"start":{"line":108,"column":12},"end":{"line":108,"column":12},"skip":true},{"start":{"line":108,"column":12},"end":{"line":108,"column":12},"skip":true}]},"14":{"line":108,"type":"binary-expr","locations":[{"start":{"line":108,"column":16},"end":{"line":108,"column":61},"skip":true},{"start":{"line":108,"column":66},"end":{"line":108,"column":72},"skip":true},{"start":{"line":108,"column":77},"end":{"line":108,"column":82},"skip":true},{"start":{"line":109,"column":20},"end":{"line":109,"column":39},"skip":true},{"start":{"line":110,"column":20},"end":{"line":110,"column":49},"skip":true},{"start":{"line":111,"column":20},"end":{"line":111,"column":58},"skip":true},{"start":{"line":112,"column":20},"end":{"line":112,"column":68},"skip":true}]},"15":{"line":129,"type":"if","locations":[{"start":{"line":129,"column":16},"end":{"line":129,"column":16},"skip":true},{"start":{"line":129,"column":16},"end":{"line":129,"column":16},"skip":true}]},"16":{"line":134,"type":"cond-expr","locations":[{"start":{"line":135,"column":26},"end":{"line":135,"column":29},"skip":true},{"start":{"line":136,"column":26},"end":{"line":136,"column":54},"skip":true}]},"17":{"line":164,"type":"binary-expr","locations":[{"start":{"line":164,"column":27},"end":{"line":164,"column":43},"skip":true},{"start":{"line":164,"column":47},"end":{"line":164,"column":49},"skip":true}]},"18":{"line":258,"type":"if","locations":[{"start":{"line":258,"column":8},"end":{"line":258,"column":8},"skip":true},{"start":{"line":258,"column":8},"end":{"line":258,"column":8},"skip":true}]},"19":{"line":275,"type":"switch","locations":[{"start":{"line":276,"column":20},"end":{"line":277,"column":64},"skip":true},{"start":{"line":278,"column":20},"end":{"line":279,"column":40},"skip":true},{"start":{"line":280,"column":20},"end":{"line":281,"column":40},"skip":true},{"start":{"line":282,"column":20},"end":{"line":283,"column":39},"skip":true}]},"20":{"line":288,"type":"if","locations":[{"start":{"line":288,"column":8},"end":{"line":288,"column":8},"skip":true},{"start":{"line":288,"column":8},"end":{"line":288,"column":8},"skip":true}]},"21":{"line":288,"type":"binary-expr","locations":[{"start":{"line":288,"column":12},"end":{"line":288,"column":40},"skip":true},{"start":{"line":288,"column":44},"end":{"line":288,"column":67},"skip":true}]},"22":{"line":292,"type":"binary-expr","locations":[{"start":{"line":292,"column":12},"end":{"line":292,"column":50},"skip":true},{"start":{"line":293,"column":12},"end":{"line":293,"column":53},"skip":true}]},"23":{"line":297,"type":"binary-expr","locations":[{"start":{"line":297,"column":12},"end":{"line":297,"column":66},"skip":true},{"start":{"line":298,"column":12},"end":{"line":301,"column":36},"skip":true}]},"24":{"line":303,"type":"binary-expr","locations":[{"start":{"line":303,"column":43},"end":{"line":303,"column":75},"skip":true},{"start":{"line":303,"column":79},"end":{"line":303,"column":81},"skip":true}]},"25":{"line":306,"type":"if","locations":[{"start":{"line":306,"column":8},"end":{"line":306,"column":8},"skip":true},{"start":{"line":306,"column":8},"end":{"line":306,"column":8},"skip":true}]},"26":{"line":310,"type":"if","locations":[{"start":{"line":310,"column":8},"end":{"line":310,"column":8},"skip":true},{"start":{"line":310,"column":8},"end":{"line":310,"column":8},"skip":true}]},"27":{"line":313,"type":"binary-expr","locations":[{"start":{"line":313,"column":27},"end":{"line":313,"column":43},"skip":true},{"start":{"line":313,"column":47},"end":{"line":313,"column":53},"skip":true}]},"28":{"line":317,"type":"if","locations":[{"start":{"line":317,"column":12},"end":{"line":317,"column":12},"skip":true},{"start":{"line":317,"column":12},"end":{"line":317,"column":12},"skip":true}]}},"code":["/*","example.js","","quickstart example","","instruction","    1. save this script as example.js","    2. run the shell command:","        $ npm install npmtest-stack.io && PORT=8081 node example.js","    3. play with the browser-demo on http://127.0.0.1:8081","*/","","","","/* istanbul instrument in package npmtest_stack_io */","/*jslint","    bitwise: true,","    browser: true,","    maxerr: 8,","    maxlen: 96,","    node: true,","    nomen: true,","    regexp: true,","    stupid: true","*/","(function () {","    'use strict';","    var local;","","","","    // run shared js-env code - pre-init","    (function () {","        // init local","        local = {};","        // init modeJs","        local.modeJs = (function () {","            try {","                return typeof navigator.userAgent === 'string' &&","                    typeof document.querySelector('body') === 'object' &&","                    typeof XMLHttpRequest.prototype.open === 'function' &&","                    'browser';","            } catch (errorCaughtBrowser) {","                return module.exports &&","                    typeof process.versions.node === 'string' &&","                    typeof require('http').createServer === 'function' &&","                    'node';","            }","        }());","        // init global","        local.global = local.modeJs === 'browser'","            ? window","            : global;","        // init utility2_rollup","        local = local.global.utility2_rollup || (local.modeJs === 'browser'","            ? local.global.utility2_npmtest_stack_io","            : global.utility2_moduleExports);","        // export local","        local.global.local = local;","    }());","    switch (local.modeJs) {","","","","    // post-init","    // run browser js-env code - post-init","    /* istanbul ignore next */","    case 'browser':","        local.testRunBrowser = function (event) {","            if (!event || (event &&","                    event.currentTarget &&","                    event.currentTarget.className &&","                    event.currentTarget.className.includes &&","                    event.currentTarget.className.includes('onreset'))) {","                // reset output","                Array.from(","                    document.querySelectorAll('body > .resettable')","                ).forEach(function (element) {","                    switch (element.tagName) {","                    case 'INPUT':","                    case 'TEXTAREA':","                        element.value = '';","                        break;","                    default:","                        element.textContent = '';","                    }","                });","            }","            switch (event && event.currentTarget && event.currentTarget.id) {","            case 'testRunButton1':","                // show tests","                if (document.querySelector('#testReportDiv1').style.display === 'none') {","                    document.querySelector('#testReportDiv1').style.display = 'block';","                    document.querySelector('#testRunButton1').textContent =","                        'hide internal test';","                    local.modeTest = true;","                    local.testRunDefault(local);","                // hide tests","                } else {","                    document.querySelector('#testReportDiv1').style.display = 'none';","                    document.querySelector('#testRunButton1').textContent = 'run internal test';","                }","                break;","            // custom-case","            default:","                break;","            }","            if (document.querySelector('#inputTextareaEval1') && (!event || (event &&","                    event.currentTarget &&","                    event.currentTarget.className &&","                    event.currentTarget.className.includes &&","                    event.currentTarget.className.includes('oneval')))) {","                // try to eval input-code","                try {","                    /*jslint evil: true*/","                    eval(document.querySelector('#inputTextareaEval1').value);","                } catch (errorCaught) {","                    console.error(errorCaught);","                }","            }","        };","        // log stderr and stdout to #outputTextareaStdout1","        ['error', 'log'].forEach(function (key) {","            console[key + '_original'] = console[key];","            console[key] = function () {","                var element;","                console[key + '_original'].apply(console, arguments);","                element = document.querySelector('#outputTextareaStdout1');","                if (!element) {","                    return;","                }","                // append text to #outputTextareaStdout1","                element.value += Array.from(arguments).map(function (arg) {","                    return typeof arg === 'string'","                        ? arg","                        : JSON.stringify(arg, null, 4);","                }).join(' ') + '\\n';","                // scroll textarea to bottom","                element.scrollTop = element.scrollHeight;","            };","        });","        // init event-handling","        ['change', 'click', 'keyup'].forEach(function (event) {","            Array.from(document.querySelectorAll('.on' + event)).forEach(function (element) {","                element.addEventListener(event, local.testRunBrowser);","            });","        });","        // run tests","        local.testRunBrowser();","        break;","","","","    // run node js-env code - post-init","    /* istanbul ignore next */","    case 'node':","        // export local","        module.exports = local;","        // require modules","        local.fs = require('fs');","        local.http = require('http');","        local.url = require('url');","        // init assets","        local.assetsDict = local.assetsDict || {};","        /* jslint-ignore-begin */","        local.assetsDict['/assets.index.template.html'] = '\\","<!doctype html>\\n\\","<html lang=\"en\">\\n\\","<head>\\n\\","<meta charset=\"UTF-8\">\\n\\","<meta name=\"viewport\" content=\"width=device-width, initial-scale=1\">\\n\\","<title>{{env.npm_package_name}} (v{{env.npm_package_version}})</title>\\n\\","<style>\\n\\","/*csslint\\n\\","    box-sizing: false,\\n\\","    universal-selector: false\\n\\","*/\\n\\","* {\\n\\","    box-sizing: border-box;\\n\\","}\\n\\","body {\\n\\","    background: #dde;\\n\\","    font-family: Arial, Helvetica, sans-serif;\\n\\","    margin: 2rem;\\n\\","}\\n\\","body > * {\\n\\","    margin-bottom: 1rem;\\n\\","}\\n\\",".utility2FooterDiv {\\n\\","    margin-top: 20px;\\n\\","    text-align: center;\\n\\","}\\n\\","</style>\\n\\","<style>\\n\\","/*csslint\\n\\","*/\\n\\","textarea {\\n\\","    font-family: monospace;\\n\\","    height: 10rem;\\n\\","    width: 100%;\\n\\","}\\n\\","textarea[readonly] {\\n\\","    background: #ddd;\\n\\","}\\n\\","</style>\\n\\","</head>\\n\\","<body>\\n\\","<!-- utility2-comment\\n\\","<div id=\"ajaxProgressDiv1\" style=\"background: #d00; height: 2px; left: 0; margin: 0; padding: 0; position: fixed; top: 0; transition: background 0.5s, width 1.5s; width: 25%;\"></div>\\n\\","utility2-comment -->\\n\\","<h1>\\n\\","<!-- utility2-comment\\n\\","    <a\\n\\","        {{#if env.npm_package_homepage}}\\n\\","        href=\"{{env.npm_package_homepage}}\"\\n\\","        {{/if env.npm_package_homepage}}\\n\\","        target=\"_blank\"\\n\\","    >\\n\\","utility2-comment -->\\n\\","        {{env.npm_package_name}} (v{{env.npm_package_version}})\\n\\","<!-- utility2-comment\\n\\","    </a>\\n\\","utility2-comment -->\\n\\","</h1>\\n\\","<h3>{{env.npm_package_description}}</h3>\\n\\","<!-- utility2-comment\\n\\","<h4><a download href=\"assets.app.js\">download standalone app</a></h4>\\n\\","<button class=\"onclick onreset\" id=\"testRunButton1\">run internal test</button><br>\\n\\","<div id=\"testReportDiv1\" style=\"display: none;\"></div>\\n\\","utility2-comment -->\\n\\","\\n\\","\\n\\","\\n\\","<label>stderr and stdout</label>\\n\\","<textarea class=\"resettable\" id=\"outputTextareaStdout1\" readonly></textarea>\\n\\","<!-- utility2-comment\\n\\","{{#if isRollup}}\\n\\","<script src=\"assets.app.js\"></script>\\n\\","{{#unless isRollup}}\\n\\","utility2-comment -->\\n\\","<script src=\"assets.utility2.rollup.js\"></script>\\n\\","<script src=\"jsonp.utility2._stateInit?callback=window.utility2._stateInit\"></script>\\n\\","<script src=\"assets.npmtest_stack_io.rollup.js\"></script>\\n\\","<script src=\"assets.example.js\"></script>\\n\\","<script src=\"assets.test.js\"></script>\\n\\","<!-- utility2-comment\\n\\","{{/if isRollup}}\\n\\","utility2-comment -->\\n\\","<div class=\"utility2FooterDiv\">\\n\\","    [ this app was created with\\n\\","    <a href=\"https://github.com/kaizhu256/node-utility2\" target=\"_blank\">utility2</a>\\n\\","    ]\\n\\","</div>\\n\\","</body>\\n\\","</html>\\n\\","';","        /* jslint-ignore-end */","        if (local.templateRender) {","            local.assetsDict['/'] = local.templateRender(","                local.assetsDict['/assets.index.template.html'],","                {","                    env: local.objectSetDefault(local.env, {","                        npm_package_description: 'the greatest app in the world!',","                        npm_package_name: 'my-app',","                        npm_package_nameAlias: 'my_app',","                        npm_package_version: '0.0.1'","                    })","                }","            );","        } else {","            local.assetsDict['/'] = local.assetsDict['/assets.index.template.html']","                .replace((/\\{\\{env\\.(\\w+?)\\}\\}/g), function (match0, match1) {","                    // jslint-hack","                    String(match0);","                    switch (match1) {","                    case 'npm_package_description':","                        return 'the greatest app in the world!';","                    case 'npm_package_name':","                        return 'my-app';","                    case 'npm_package_nameAlias':","                        return 'my_app';","                    case 'npm_package_version':","                        return '0.0.1';","                    }","                });","        }","        // run the cli","        if (local.global.utility2_rollup || module !== require.main) {","            break;","        }","        local.assetsDict['/assets.example.js'] =","            local.assetsDict['/assets.example.js'] ||","            local.fs.readFileSync(__filename, 'utf8');","        // bug-workaround - long $npm_package_buildCustomOrg","        /* jslint-ignore-begin */","        local.assetsDict['/assets.npmtest_stack_io.rollup.js'] =","            local.assetsDict['/assets.npmtest_stack_io.rollup.js'] ||","            local.fs.readFileSync(","                local.npmtest_stack_io.__dirname + '/lib.npmtest_stack_io.js',","                'utf8'","            ).replace((/^#!/), '//');","        /* jslint-ignore-end */","        local.assetsDict['/favicon.ico'] = local.assetsDict['/favicon.ico'] || '';","        // if $npm_config_timeout_exit exists,","        // then exit this process after $npm_config_timeout_exit ms","        if (Number(process.env.npm_config_timeout_exit)) {","            setTimeout(process.exit, Number(process.env.npm_config_timeout_exit));","        }","        // start server","        if (local.global.utility2_serverHttp1) {","            break;","        }","        process.env.PORT = process.env.PORT || '8081';","        console.error('server starting on port ' + process.env.PORT);","        local.http.createServer(function (request, response) {","            request.urlParsed = local.url.parse(request.url);","            if (local.assetsDict[request.urlParsed.pathname] !== undefined) {","                response.end(local.assetsDict[request.urlParsed.pathname]);","                return;","            }","            response.statusCode = 404;","            response.end();","        }).listen(process.env.PORT);","        break;","    }","}());",""],"l":{"26":2,"28":2,"33":2,"35":2,"37":2,"38":2,"39":2,"44":1,"51":2,"55":2,"59":2,"61":2,"69":1,"70":2,"76":2,"79":2,"82":2,"83":2,"85":1,"89":2,"92":1,"93":1,"94":1,"96":1,"97":1,"100":1,"101":1,"103":1,"106":1,"108":2,"114":1,"116":1,"118":1,"123":1,"124":2,"125":2,"126":3,"127":3,"128":3,"129":3,"130":1,"133":3,"134":3,"139":3,"143":1,"144":3,"145":1,"149":1,"150":1,"158":1,"160":1,"161":1,"162":1,"164":1,"166":1,"258":1,"259":1,"271":1,"274":6,"275":6,"277":1,"279":2,"281":1,"283":2,"288":1,"289":1,"291":1,"296":1,"303":1,"306":1,"307":1,"310":1,"311":1,"313":1,"314":1,"315":1,"316":1,"317":1,"318":1,"319":1,"321":1,"322":1,"324":1}},"/home/travis/build/npmtest/node-npmtest-stack.io/node_modules/stack.io/index.js":{"path":"/home/travis/build/npmtest/node-npmtest-stack.io/node_modules/stack.io/index.js","s":{"1":4},"b":{},"f":{},"fnMap":{},"statementMap":{"1":{"start":{"line":1,"column":0},"end":{"line":1,"column":43}}},"branchMap":{},"code":["module.exports = require('./bin/stack.io');",""],"l":{"1":4}},"/home/travis/build/npmtest/node-npmtest-stack.io/node_modules/stack.io/bin/stack.io/index.js":{"path":"/home/travis/build/npmtest/node-npmtest-stack.io/node_modules/stack.io/bin/stack.io/index.js","s":{"1":6,"2":0,"3":0,"4":0,"5":0,"6":0,"7":0,"8":0,"9":0,"10":0,"11":0,"12":0,"13":0,"14":0,"15":0},"b":{},"f":{},"fnMap":{},"statementMap":{"1":{"start":{"line":24,"column":0},"end":{"line":27,"column":44}},"2":{"start":{"line":29,"column":0},"end":{"line":31,"column":2}},"3":{"start":{"line":33,"column":0},"end":{"line":37,"column":2}},"4":{"start":{"line":39,"column":0},"end":{"line":41,"column":1}},"5":{"start":{"line":40,"column":4},"end":{"line":40,"column":85}},"6":{"start":{"line":43,"column":0},"end":{"line":45,"column":1}},"7":{"start":{"line":44,"column":4},"end":{"line":44,"column":87}},"8":{"start":{"line":47,"column":0},"end":{"line":47,"column":58}},"9":{"start":{"line":48,"column":0},"end":{"line":48,"column":32}},"10":{"start":{"line":49,"column":0},"end":{"line":49,"column":32}},"11":{"start":{"line":50,"column":0},"end":{"line":50,"column":34}},"12":{"start":{"line":51,"column":0},"end":{"line":51,"column":33}},"13":{"start":{"line":52,"column":0},"end":{"line":52,"column":43}},"14":{"start":{"line":54,"column":0},"end":{"line":54,"column":35}},"15":{"start":{"line":55,"column":0},"end":{"line":55,"column":29}}},"branchMap":{},"code":["// Open Source Initiative OSI - The MIT License (MIT):Licensing","//","// The MIT License (MIT)","// Copyright (c) 2012 DotCloud Inc (opensource@dotcloud.com)","//","// Permission is hereby granted, free of charge, to any person obtaining a","// copy of this software and associated documentation files (the \"Software\"),","// to deal in the Software without restriction, including without limitation","// the rights to use, copy, modify, merge, publish, distribute, sublicense,","// and/or sell copies of the Software, and to permit persons to whom the","// Software is furnished to do so, subject to the following conditions:","//","// The above copyright notice and this permission notice shall be included in","// all copies or substantial portions of the Software.","//","// THE SOFTWARE IS PROVIDED \"AS IS\", WITHOUT WARRANTY OF ANY KIND, EXPRESS OR","// IMPLIED, INCLUDING BUT NOT LIMITED TO THE WARRANTIES OF MERCHANTABILITY,","// FITNESS FOR A PARTICULAR PURPOSE AND NONINFRINGEMENT. IN NO EVENT SHALL THE","// AUTHORS OR COPYRIGHT HOLDERS BE LIABLE FOR ANY CLAIM, DAMAGES OR OTHER","// LIABILITY, WHETHER IN AN ACTION OF CONTRACT, TORT OR OTHERWISE, ARISING","// FROM, OUT OF OR IN CONNECTION WITH THE SOFTWARE OR THE USE OR OTHER","// DEALINGS IN THE SOFTWARE.","","var model = require(\"./lib/model\"),","    server = require(\"./lib/server\"),","    client = require(\"./lib/client\"),","    auth = require(\"./lib/middleware/auth\");","","var connectors = {","    \"SocketIOConnector\": \"socketio\"","};","","var middleware = {","    zerorpcMiddleware: \"backend/zerorpc\",","    printMiddleware: \"debug/print\",","    builtinsMiddleware: \"etc/builtins\"","};","","for(var connectorName in connectors) {","    exports[connectorName] = require(\"./lib/connectors/\" + connectors[connectorName])","}","","for(var middlewareName in middleware) {","    exports[middlewareName] = require(\"./lib/middleware/\" + middleware[middlewareName])","}","","exports.createSyntheticError = model.createSyntheticError;","exports.Session = model.Session;","exports.Request = model.Request;","exports.Response = model.Response;","exports.useOAuth = auth.useOAuth;","exports.useNormalAuth = auth.useNormalAuth;","","exports.ioServer = server.ioServer;","exports.io = client.ioClient;"],"l":{"24":6,"29":0,"33":0,"39":0,"40":0,"43":0,"44":0,"47":0,"48":0,"49":0,"50":0,"51":0,"52":0,"54":0,"55":0}},"/home/travis/build/npmtest/node-npmtest-stack.io/node_modules/stack.io/bin/stack.io/lib/model.js":{"path":"/home/travis/build/npmtest/node-npmtest-stack.io/node_modules/stack.io/bin/stack.io/lib/model.js","s":{"1":1,"2":1,"3":0,"4":1,"5":0,"6":1,"7":1,"8":0,"9":0,"10":0,"11":0,"12":1,"13":0,"14":0,"15":1,"16":1,"17":0,"18":0,"19":0,"20":0,"21":1,"22":1,"23":1,"24":0,"25":0,"26":0,"27":1,"28":1,"29":1,"30":1},"b":{"1":[0,0],"2":[0,0]},"f":{"1":0,"2":0,"3":0,"4":0,"5":0,"6":0,"7":0},"fnMap":{"1":{"name":"createSyntheticError","line":28,"loc":{"start":{"line":28,"column":0},"end":{"line":28,"column":45}}},"2":{"name":"Finishable","line":37,"loc":{"start":{"line":37,"column":0},"end":{"line":37,"column":22}}},"3":{"name":"(anonymous_3)","line":44,"loc":{"start":{"line":44,"column":30},"end":{"line":44,"column":41}}},"4":{"name":"Session","line":56,"loc":{"start":{"line":56,"column":0},"end":{"line":56,"column":26}}},"5":{"name":"Request","line":73,"loc":{"start":{"line":73,"column":0},"end":{"line":73,"column":49}}},"6":{"name":"Response","line":81,"loc":{"start":{"line":81,"column":0},"end":{"line":81,"column":20}}},"7":{"name":"(anonymous_7)","line":85,"loc":{"start":{"line":85,"column":28},"end":{"line":85,"column":58}}}},"statementMap":{"1":{"start":{"line":24,"column":0},"end":{"line":25,"column":31}},"2":{"start":{"line":28,"column":0},"end":{"line":34,"column":1}},"3":{"start":{"line":29,"column":4},"end":{"line":33,"column":6}},"4":{"start":{"line":37,"column":0},"end":{"line":39,"column":1}},"5":{"start":{"line":38,"column":4},"end":{"line":38,"column":26}},"6":{"start":{"line":41,"column":0},"end":{"line":41,"column":47}},"7":{"start":{"line":44,"column":0},"end":{"line":51,"column":2}},"8":{"start":{"line":45,"column":4},"end":{"line":50,"column":5}},"9":{"start":{"line":46,"column":8},"end":{"line":46,"column":53}},"10":{"start":{"line":48,"column":8},"end":{"line":48,"column":29}},"11":{"start":{"line":49,"column":8},"end":{"line":49,"column":28}},"12":{"start":{"line":56,"column":0},"end":{"line":60,"column":1}},"13":{"start":{"line":57,"column":4},"end":{"line":59,"column":5}},"14":{"start":{"line":58,"column":8},"end":{"line":58,"column":33}},"15":{"start":{"line":62,"column":0},"end":{"line":62,"column":35}},"16":{"start":{"line":73,"column":0},"end":{"line":78,"column":1}},"17":{"start":{"line":74,"column":4},"end":{"line":74,"column":27}},"18":{"start":{"line":75,"column":4},"end":{"line":75,"column":25}},"19":{"start":{"line":76,"column":4},"end":{"line":76,"column":21}},"20":{"start":{"line":77,"column":4},"end":{"line":77,"column":27}},"21":{"start":{"line":81,"column":0},"end":{"line":81,"column":22}},"22":{"start":{"line":82,"column":0},"end":{"line":82,"column":36}},"23":{"start":{"line":85,"column":0},"end":{"line":88,"column":2}},"24":{"start":{"line":86,"column":4},"end":{"line":86,"column":45}},"25":{"start":{"line":87,"column":4},"end":{"line":87,"column":28}},"26":{"start":{"line":87,"column":14},"end":{"line":87,"column":28}},"27":{"start":{"line":90,"column":0},"end":{"line":90,"column":52}},"28":{"start":{"line":91,"column":0},"end":{"line":91,"column":26}},"29":{"start":{"line":92,"column":0},"end":{"line":92,"column":26}},"30":{"start":{"line":93,"column":0},"end":{"line":93,"column":28}}},"branchMap":{"1":{"line":45,"type":"if","locations":[{"start":{"line":45,"column":4},"end":{"line":45,"column":4}},{"start":{"line":45,"column":4},"end":{"line":45,"column":4}}]},"2":{"line":87,"type":"if","locations":[{"start":{"line":87,"column":4},"end":{"line":87,"column":4}},{"start":{"line":87,"column":4},"end":{"line":87,"column":4}}]}},"code":["// Open Source Initiative OSI - The MIT License (MIT):Licensing","//","// The MIT License (MIT)","// Copyright (c) 2012 DotCloud Inc (opensource@dotcloud.com)","//","// Permission is hereby granted, free of charge, to any person obtaining a","// copy of this software and associated documentation files (the \"Software\"),","// to deal in the Software without restriction, including without limitation","// the rights to use, copy, modify, merge, publish, distribute, sublicense,","// and/or sell copies of the Software, and to permit persons to whom the","// Software is furnished to do so, subject to the following conditions:","//","// The above copyright notice and this permission notice shall be included in","// all copies or substantial portions of the Software.","//","// THE SOFTWARE IS PROVIDED \"AS IS\", WITHOUT WARRANTY OF ANY KIND, EXPRESS OR","// IMPLIED, INCLUDING BUT NOT LIMITED TO THE WARRANTIES OF MERCHANTABILITY,","// FITNESS FOR A PARTICULAR PURPOSE AND NONINFRINGEMENT. IN NO EVENT SHALL THE","// AUTHORS OR COPYRIGHT HOLDERS BE LIABLE FOR ANY CLAIM, DAMAGES OR OTHER","// LIABILITY, WHETHER IN AN ACTION OF CONTRACT, TORT OR OTHERWISE, ARISING","// FROM, OUT OF OR IN CONNECTION WITH THE SOFTWARE OR THE USE OR OTHER","// DEALINGS IN THE SOFTWARE.","","var util = require(\"util\"),","    events = require(\"events\");","","//Creates an object that mimicks the error objects received from remote ZeroRPC services","function createSyntheticError(name, message) {","    return {","        name: name,","        message: message,","        traceback: null","    };","}","","//An object that can emit `finish` events","function Finishable() {","    this.finished = false;","}","","util.inherits(Finishable, events.EventEmitter);","","//Emits a `finish` event","Finishable.prototype.finish = function() {","    if(this.finished) {","        throw new Error(\"Response already finished\");","    } else {","        this.finished = true;","        this.emit(\"finish\");","    }","};","","//A user session","//initial : object","//      Map of initial session values","function Session(initial) {","    for(var key in initial) {","        this[key] = initial[key];","    }","}","","util.inherits(Session, Finishable);","","//A user request","//service : string","//      The service name","//method : string","//      The method name","//args : array of anything","//      The invocation arguments","//session : object","//      The user session","function Request(service, method, args, session) {","    this.service = service;","    this.method = method;","    this.args = args;","    this.session = session;","}","","//A user response","function Response() {}","util.inherits(Response, Finishable);","","//Emits a response update","Response.prototype.update = function(error, result, more) {","    this.emit(\"update\", error, result, more);","    if(!more) this.finish();","};","","exports.createSyntheticError = createSyntheticError;","exports.Session = Session;","exports.Request = Request;","exports.Response = Response;"],"l":{"24":1,"28":1,"29":0,"37":1,"38":0,"41":1,"44":1,"45":0,"46":0,"48":0,"49":0,"56":1,"57":0,"58":0,"62":1,"73":1,"74":0,"75":0,"76":0,"77":0,"81":1,"82":1,"85":1,"86":0,"87":0,"90":1,"91":1,"92":1,"93":1}},"/home/travis/build/npmtest/node-npmtest-stack.io/node_modules/stack.io/bin/stack.io/lib/server.js":{"path":"/home/travis/build/npmtest/node-npmtest-stack.io/node_modules/stack.io/bin/stack.io/lib/server.js","s":{"1":1,"2":1,"3":0,"4":0,"5":1,"6":1,"7":0,"8":0,"9":0,"10":1,"11":0,"12":1,"13":0,"14":0,"15":0,"16":0,"17":0,"18":0,"19":0,"20":0,"21":0,"22":0,"23":0,"24":0,"25":0,"26":0,"27":0,"28":0,"29":0,"30":0,"31":0,"32":0,"33":0,"34":0,"35":1,"36":0,"37":0,"38":1},"b":{"1":[0,0],"2":[0,0],"3":[0,0],"4":[0,0]},"f":{"1":0,"2":0,"3":0,"4":0,"5":0,"6":0,"7":0,"8":0,"9":0,"10":0,"11":0},"fnMap":{"1":{"name":"IOServer","line":29,"loc":{"start":{"line":29,"column":0},"end":{"line":29,"column":20}}},"2":{"name":"(anonymous_2)","line":39,"loc":{"start":{"line":39,"column":31},"end":{"line":39,"column":51}}},"3":{"name":"(anonymous_3)","line":59,"loc":{"start":{"line":59,"column":32},"end":{"line":59,"column":81}}},"4":{"name":"(anonymous_4)","line":71,"loc":{"start":{"line":71,"column":37},"end":{"line":71,"column":57}}},"5":{"name":"(anonymous_5)","line":75,"loc":{"start":{"line":75,"column":77},"end":{"line":75,"column":98}}},"6":{"name":"(anonymous_6)","line":80,"loc":{"start":{"line":80,"column":27},"end":{"line":80,"column":55}}},"7":{"name":"(anonymous_7)","line":85,"loc":{"start":{"line":85,"column":65},"end":{"line":85,"column":86}}},"8":{"name":"(anonymous_8)","line":90,"loc":{"start":{"line":90,"column":59},"end":{"line":90,"column":80}}},"9":{"name":"(anonymous_9)","line":95,"loc":{"start":{"line":95,"column":19},"end":{"line":95,"column":30}}},"10":{"name":"(anonymous_10)","line":115,"loc":{"start":{"line":115,"column":26},"end":{"line":115,"column":42}}},"11":{"name":"(anonymous_11)","line":124,"loc":{"start":{"line":124,"column":28},"end":{"line":124,"column":39}}}},"statementMap":{"1":{"start":{"line":24,"column":0},"end":{"line":26,"column":31}},"2":{"start":{"line":29,"column":0},"end":{"line":32,"column":1}},"3":{"start":{"line":30,"column":4},"end":{"line":30,"column":26}},"4":{"start":{"line":31,"column":4},"end":{"line":31,"column":26}},"5":{"start":{"line":34,"column":0},"end":{"line":34,"column":45}},"6":{"start":{"line":39,"column":0},"end":{"line":48,"column":2}},"7":{"start":{"line":40,"column":4},"end":{"line":42,"column":5}},"8":{"start":{"line":41,"column":8},"end":{"line":41,"column":88}},"9":{"start":{"line":44,"column":4},"end":{"line":47,"column":6}},"10":{"start":{"line":59,"column":0},"end":{"line":66,"column":2}},"11":{"start":{"line":60,"column":4},"end":{"line":65,"column":7}},"12":{"start":{"line":71,"column":0},"end":{"line":121,"column":2}},"13":{"start":{"line":72,"column":4},"end":{"line":72,"column":20}},"14":{"start":{"line":75,"column":4},"end":{"line":77,"column":7}},"15":{"start":{"line":76,"column":8},"end":{"line":76,"column":57}},"16":{"start":{"line":80,"column":4},"end":{"line":112,"column":7}},"17":{"start":{"line":81,"column":8},"end":{"line":81,"column":19}},"18":{"start":{"line":82,"column":8},"end":{"line":82,"column":78}},"19":{"start":{"line":85,"column":8},"end":{"line":87,"column":11}},"20":{"start":{"line":86,"column":12},"end":{"line":86,"column":102}},"21":{"start":{"line":90,"column":8},"end":{"line":92,"column":11}},"22":{"start":{"line":91,"column":12},"end":{"line":91,"column":41}},"23":{"start":{"line":95,"column":8},"end":{"line":109,"column":10}},"24":{"start":{"line":96,"column":12},"end":{"line":96,"column":16}},"25":{"start":{"line":98,"column":12},"end":{"line":108,"column":13}},"26":{"start":{"line":100,"column":16},"end":{"line":100,"column":23}},"27":{"start":{"line":101,"column":19},"end":{"line":108,"column":13}},"28":{"start":{"line":103,"column":16},"end":{"line":103,"column":57}},"29":{"start":{"line":104,"column":16},"end":{"line":104,"column":52}},"30":{"start":{"line":107,"column":16},"end":{"line":107,"column":34}},"31":{"start":{"line":111,"column":8},"end":{"line":111,"column":15}},"32":{"start":{"line":115,"column":4},"end":{"line":117,"column":7}},"33":{"start":{"line":116,"column":8},"end":{"line":116,"column":34}},"34":{"start":{"line":120,"column":4},"end":{"line":120,"column":23}},"35":{"start":{"line":124,"column":0},"end":{"line":128,"column":2}},"36":{"start":{"line":125,"column":4},"end":{"line":127,"column":5}},"37":{"start":{"line":126,"column":8},"end":{"line":126,"column":72}},"38":{"start":{"line":130,"column":0},"end":{"line":130,"column":28}}},"branchMap":{"1":{"line":40,"type":"if","locations":[{"start":{"line":40,"column":4},"end":{"line":40,"column":4}},{"start":{"line":40,"column":4},"end":{"line":40,"column":4}}]},"2":{"line":86,"type":"binary-expr","locations":[{"start":{"line":86,"column":19},"end":{"line":86,"column":59}},{"start":{"line":86,"column":63},"end":{"line":86,"column":101}}]},"3":{"line":98,"type":"if","locations":[{"start":{"line":98,"column":12},"end":{"line":98,"column":12}},{"start":{"line":98,"column":12},"end":{"line":98,"column":12}}]},"4":{"line":101,"type":"if","locations":[{"start":{"line":101,"column":19},"end":{"line":101,"column":19}},{"start":{"line":101,"column":19},"end":{"line":101,"column":19}}]}},"code":["// Open Source Initiative OSI - The MIT License (MIT):Licensing","//","// The MIT License (MIT)","// Copyright (c) 2012 DotCloud Inc (opensource@dotcloud.com)","//","// Permission is hereby granted, free of charge, to any person obtaining a","// copy of this software and associated documentation files (the \"Software\"),","// to deal in the Software without restriction, including without limitation","// the rights to use, copy, modify, merge, publish, distribute, sublicense,","// and/or sell copies of the Software, and to permit persons to whom the","// Software is furnished to do so, subject to the following conditions:","//","// The above copyright notice and this permission notice shall be included in","// all copies or substantial portions of the Software.","//","// THE SOFTWARE IS PROVIDED \"AS IS\", WITHOUT WARRANTY OF ANY KIND, EXPRESS OR","// IMPLIED, INCLUDING BUT NOT LIMITED TO THE WARRANTIES OF MERCHANTABILITY,","// FITNESS FOR A PARTICULAR PURPOSE AND NONINFRINGEMENT. IN NO EVENT SHALL THE","// AUTHORS OR COPYRIGHT HOLDERS BE LIABLE FOR ANY CLAIM, DAMAGES OR OTHER","// LIABILITY, WHETHER IN AN ACTION OF CONTRACT, TORT OR OTHERWISE, ARISING","// FROM, OUT OF OR IN CONNECTION WITH THE SOFTWARE OR THE USE OR OTHER","// DEALINGS IN THE SOFTWARE.","","var _ = require(\"underscore\"),","    util = require(\"util\"),","    events = require(\"events\");","","//Creates a new IOServer","function IOServer() {","    this._connectors = {};","    this._middleware = [];","}","","util.inherits(IOServer, events.EventEmitter);","","//Adds a new connector","//connector : object","//      The connector object to add","IOServer.prototype.connector = function(connector) {","    if(connector.name in this._connectors) {","        throw new Error(\"Connector of the name '\" + connector.name + \"' already added\");","    }","","    this._connectors[connector.name] = {","        connector: connector,","        middleware: []","    };","};","","//Adds a new middleware","//connector : RegExp","//      The connector pattern for the middleware to active on","//service : RegExp","//      The service pattern for the middleware to active on","//method : RegExp","//      The method pattern for the middleware to active on","//middleware : function(req : object, res : object, next : function())","//      The middleware to add","IOServer.prototype.middleware = function(connector, service, method, middleware) {","    this._middleware.push({","        connector: connector,","        service: service,","        method: method,","        middleware: middleware","    });","};","","//Starts a connector","//connector : object","//      The connector to start","IOServer.prototype._startConnector = function(connector) {","    var self = this;","","    //Cache the middleware that could be applicable to the connector","    self._connectors[connector.name].middleware = _.filter(self._middleware, function(middleware) {","        return middleware.connector.test(connector.name);","    });","","    //Called on user invocation","    connector.on(\"invoke\", function(request, response) {","        var i = -1;","        var connectorMiddleware = self._connectors[connector.name].middleware;","","        //Find the middleware applicable to the current service and method call","        var applicableMiddleware = _.filter(connectorMiddleware, function(middleware) {","            return middleware.service.test(request.service) && middleware.method.test(request.method);","        });","","        //Extract the actual middleware function","        applicableMiddleware = _.map(applicableMiddleware, function(middleware) {","            return middleware.middleware;","        });","","        //Create a next method to pass along in middleware calls","        var next = function() {","            i++;","","            if(response.finished) {","                //Bail if the response object is finished","                return;","            } else if(i < applicableMiddleware.length) {","                //Execute the next middleware if there is one","                var middleware = applicableMiddleware[i];","                middleware(request, response, next);","            } else {","                //If there is no middleware left, the response is finished","                response.finish();","            }","        };","","        next();","    });","","    //Listen for errors in the connector","    connector.on(\"error\", function(error) {","        self.emit(\"error\", error);","    });","","    //Start the connector!","    connector.listen();","};","","//Starts the IOServer","IOServer.prototype.listen = function() {","    for(var connectorName in this._connectors) {","        this._startConnector(this._connectors[connectorName].connector);","    }","};","","exports.ioServer = IOServer;"],"l":{"24":1,"29":1,"30":0,"31":0,"34":1,"39":1,"40":0,"41":0,"44":0,"59":1,"60":0,"71":1,"72":0,"75":0,"76":0,"80":0,"81":0,"82":0,"85":0,"86":0,"90":0,"91":0,"95":0,"96":0,"98":0,"100":0,"101":0,"103":0,"104":0,"107":0,"111":0,"115":0,"116":0,"120":0,"124":1,"125":0,"126":0,"130":1}},"/home/travis/build/npmtest/node-npmtest-stack.io/node_modules/stack.io/bin/stack.io/lib/client.js":{"path":"/home/travis/build/npmtest/node-npmtest-stack.io/node_modules/stack.io/bin/stack.io/lib/client.js","s":{"1":8,"2":0,"3":1,"4":0,"5":0,"6":0,"7":0,"8":0,"9":0,"10":0,"11":0,"12":0,"13":0,"14":0,"15":0,"16":0,"17":0,"18":0,"19":0,"20":0,"21":0,"22":0,"23":0,"24":0,"25":0,"26":0,"27":0,"28":0,"29":0,"30":0,"31":0,"32":0,"33":0,"34":0,"35":0,"36":0,"37":0,"38":0,"39":0,"40":0,"41":0,"42":0,"43":0,"44":0,"45":0,"46":0,"47":0,"48":0,"49":0,"50":0,"51":0,"52":0,"53":0,"54":0,"55":0,"56":0,"57":0,"58":0,"59":0,"60":0,"61":0,"62":0,"63":0,"64":0,"65":0,"66":0,"67":0,"68":0,"69":0,"70":0,"71":0,"72":0,"73":0,"74":0,"75":0,"76":0,"77":0,"78":0,"79":0,"80":0,"81":0,"82":0,"83":0,"84":0,"85":0,"86":0,"87":0,"88":0,"89":0,"90":0,"91":0,"92":0,"93":0,"94":0,"95":0,"96":0,"97":0,"98":0,"99":0,"100":0,"101":0,"102":0,"103":1,"104":0,"105":0,"106":0,"107":0},"b":{"1":[0,0],"2":[0,0],"3":[0,0],"4":[0,0],"5":[0,0],"6":[0,0],"7":[0,0],"8":[0,0],"9":[0,0],"10":[0,0],"11":[0,0],"12":[0,0],"13":[0,0],"14":[0,0],"15":[0,0],"16":[0,0],"17":[0,0],"18":[0,0],"19":[0,0],"20":[0,0],"21":[0,0],"22":[0,0],"23":[0,0],"24":[0,0],"25":[0,0],"26":[0,0],"27":[0,0],"28":[0,0],"29":[0,0]},"f":{"1":0,"2":0,"3":0,"4":0,"5":0,"6":0,"7":0,"8":0,"9":0,"10":0,"11":0,"12":0,"13":0,"14":0,"15":0,"16":0,"17":0,"18":0,"19":0,"20":0,"21":0,"22":0},"fnMap":{"1":{"name":"Engine","line":39,"loc":{"start":{"line":39,"column":0},"end":{"line":39,"column":35}}},"2":{"name":"(anonymous_2)","line":49,"loc":{"start":{"line":49,"column":45},"end":{"line":49,"column":72}}},"3":{"name":"(anonymous_3)","line":65,"loc":{"start":{"line":65,"column":40},"end":{"line":65,"column":67}}},"4":{"name":"(anonymous_4)","line":88,"loc":{"start":{"line":88,"column":34},"end":{"line":88,"column":53}}},"5":{"name":"(anonymous_5)","line":89,"loc":{"start":{"line":89,"column":26},"end":{"line":89,"column":53}}},"6":{"name":"(anonymous_6)","line":93,"loc":{"start":{"line":93,"column":37},"end":{"line":93,"column":64}}},"7":{"name":"(anonymous_7)","line":116,"loc":{"start":{"line":116,"column":33},"end":{"line":116,"column":52}}},"8":{"name":"(anonymous_8)","line":123,"loc":{"start":{"line":123,"column":23},"end":{"line":123,"column":39}}},"9":{"name":"(anonymous_9)","line":139,"loc":{"start":{"line":139,"column":27},"end":{"line":139,"column":76}}},"10":{"name":"(anonymous_10)","line":161,"loc":{"start":{"line":161,"column":26},"end":{"line":161,"column":67}}},"11":{"name":"(anonymous_11)","line":174,"loc":{"start":{"line":174,"column":23},"end":{"line":174,"column":39}}},"12":{"name":"(anonymous_12)","line":178,"loc":{"start":{"line":178,"column":26},"end":{"line":178,"column":53}}},"13":{"name":"(anonymous_13)","line":182,"loc":{"start":{"line":182,"column":54},"end":{"line":182,"column":70}}},"14":{"name":"(anonymous_14)","line":197,"loc":{"start":{"line":197,"column":31},"end":{"line":197,"column":59}}},"15":{"name":"(anonymous_15)","line":204,"loc":{"start":{"line":204,"column":28},"end":{"line":204,"column":39}}},"16":{"name":"(anonymous_16)","line":216,"loc":{"start":{"line":216,"column":30},"end":{"line":216,"column":58}}},"17":{"name":"(anonymous_17)","line":227,"loc":{"start":{"line":227,"column":34},"end":{"line":227,"column":58}}},"18":{"name":"(anonymous_18)","line":240,"loc":{"start":{"line":240,"column":23},"end":{"line":240,"column":51}}},"19":{"name":"(anonymous_19)","line":251,"loc":{"start":{"line":251,"column":33},"end":{"line":251,"column":57}}},"20":{"name":"(anonymous_20)","line":273,"loc":{"start":{"line":273,"column":24},"end":{"line":273,"column":50}}},"21":{"name":"createStubMethod","line":286,"loc":{"start":{"line":286,"column":0},"end":{"line":286,"column":51}}},"22":{"name":"(anonymous_22)","line":287,"loc":{"start":{"line":287,"column":11},"end":{"line":287,"column":22}}}},"statementMap":{"1":{"start":{"line":24,"column":0},"end":{"line":26,"column":31}},"2":{"start":{"line":28,"column":0},"end":{"line":28,"column":64}},"3":{"start":{"line":39,"column":0},"end":{"line":81,"column":1}},"4":{"start":{"line":40,"column":4},"end":{"line":42,"column":5}},"5":{"start":{"line":41,"column":8},"end":{"line":41,"column":45}},"6":{"start":{"line":44,"column":4},"end":{"line":44,"column":20}},"7":{"start":{"line":45,"column":4},"end":{"line":45,"column":33}},"8":{"start":{"line":46,"column":4},"end":{"line":46,"column":24}},"9":{"start":{"line":48,"column":4},"end":{"line":48,"column":91}},"10":{"start":{"line":49,"column":4},"end":{"line":63,"column":7}},"11":{"start":{"line":50,"column":8},"end":{"line":62,"column":9}},"12":{"start":{"line":51,"column":12},"end":{"line":51,"column":53}},"13":{"start":{"line":53,"column":12},"end":{"line":60,"column":13}},"14":{"start":{"line":54,"column":16},"end":{"line":59,"column":18}},"15":{"start":{"line":61,"column":12},"end":{"line":61,"column":45}},"16":{"start":{"line":65,"column":4},"end":{"line":80,"column":7}},"17":{"start":{"line":66,"column":8},"end":{"line":79,"column":9}},"18":{"start":{"line":67,"column":12},"end":{"line":67,"column":38}},"19":{"start":{"line":68,"column":15},"end":{"line":79,"column":9}},"20":{"start":{"line":69,"column":12},"end":{"line":70,"column":23}},"21":{"start":{"line":70,"column":16},"end":{"line":70,"column":23}},"22":{"start":{"line":71,"column":12},"end":{"line":76,"column":13}},"23":{"start":{"line":77,"column":15},"end":{"line":79,"column":9}},"24":{"start":{"line":78,"column":12},"end":{"line":78,"column":44}},"25":{"start":{"line":83,"column":0},"end":{"line":83,"column":43}},"26":{"start":{"line":88,"column":0},"end":{"line":109,"column":1}},"27":{"start":{"line":89,"column":4},"end":{"line":108,"column":7}},"28":{"start":{"line":90,"column":8},"end":{"line":107,"column":9}},"29":{"start":{"line":91,"column":12},"end":{"line":91,"column":38}},"30":{"start":{"line":93,"column":12},"end":{"line":106,"column":15}},"31":{"start":{"line":94,"column":16},"end":{"line":105,"column":17}},"32":{"start":{"line":95,"column":20},"end":{"line":95,"column":49}},"33":{"start":{"line":97,"column":20},"end":{"line":104,"column":21}},"34":{"start":{"line":98,"column":24},"end":{"line":103,"column":26}},"35":{"start":{"line":116,"column":0},"end":{"line":128,"column":2}},"36":{"start":{"line":117,"column":4},"end":{"line":117,"column":20}},"37":{"start":{"line":119,"column":4},"end":{"line":119,"column":50}},"38":{"start":{"line":120,"column":4},"end":{"line":120,"column":29}},"39":{"start":{"line":123,"column":4},"end":{"line":125,"column":7}},"40":{"start":{"line":124,"column":8},"end":{"line":124,"column":34}},"41":{"start":{"line":127,"column":4},"end":{"line":127,"column":18}},"42":{"start":{"line":139,"column":0},"end":{"line":152,"column":2}},"43":{"start":{"line":140,"column":4},"end":{"line":140,"column":70}},"44":{"start":{"line":140,"column":29},"end":{"line":140,"column":70}},"45":{"start":{"line":142,"column":4},"end":{"line":142,"column":56}},"46":{"start":{"line":143,"column":4},"end":{"line":143,"column":41}},"47":{"start":{"line":145,"column":4},"end":{"line":149,"column":5}},"48":{"start":{"line":146,"column":8},"end":{"line":146,"column":61}},"49":{"start":{"line":147,"column":11},"end":{"line":149,"column":5}},"50":{"start":{"line":148,"column":8},"end":{"line":148,"column":60}},"51":{"start":{"line":151,"column":4},"end":{"line":151,"column":52}},"52":{"start":{"line":161,"column":0},"end":{"line":189,"column":2}},"53":{"start":{"line":162,"column":4},"end":{"line":162,"column":20}},"54":{"start":{"line":164,"column":4},"end":{"line":167,"column":5}},"55":{"start":{"line":165,"column":8},"end":{"line":165,"column":27}},"56":{"start":{"line":166,"column":8},"end":{"line":166,"column":29}},"57":{"start":{"line":169,"column":4},"end":{"line":169,"column":71}},"58":{"start":{"line":171,"column":4},"end":{"line":171,"column":45}},"59":{"start":{"line":172,"column":4},"end":{"line":172,"column":26}},"60":{"start":{"line":174,"column":4},"end":{"line":176,"column":7}},"61":{"start":{"line":175,"column":8},"end":{"line":175,"column":34}},"62":{"start":{"line":178,"column":4},"end":{"line":188,"column":7}},"63":{"start":{"line":179,"column":8},"end":{"line":187,"column":9}},"64":{"start":{"line":180,"column":12},"end":{"line":180,"column":38}},"65":{"start":{"line":182,"column":12},"end":{"line":186,"column":15}},"66":{"start":{"line":183,"column":16},"end":{"line":185,"column":17}},"67":{"start":{"line":184,"column":20},"end":{"line":184,"column":46}},"68":{"start":{"line":197,"column":0},"end":{"line":199,"column":1}},"69":{"start":{"line":198,"column":4},"end":{"line":198,"column":56}},"70":{
[...]
ents[i])}catch(e){console.error(e)}},0),!0},WebSocket.__log=function(message){console.log(decodeURIComponent(message))},WebSocket.__error=function(message){console.error(decodeURIComponent(message))},WebSocket.__addTask=function(task){WebSocket.__flash?task():WebSocket.__tasks.push(task)},WebSocket.__isFlashLite=function(){if(!window.navigator||!window.navigator.mimeTypes)return!1;var mimeType=window.navigator.mimeTypes[\"application/x-shockwave-flash\"];return!mimeType||!mimeType.enabledPlugin||!mimeType.enabledPlugin.filename?!1:mimeType.enabledPlugin.filename.match(/flashlite/i)?!0:!1},window.WEB_SOCKET_DISABLE_AUTO_INITIALIZATION||(window.addEventListener?window.addEventListener(\"load\",function(){WebSocket.__initialize()},!1):window.attachEvent(\"onload\",function(){WebSocket.__initialize()}))})(),function(exports,io,global){function XHR(socket){if(!socket)return;io.Transport.apply(this,arguments),this.sendBuffer=[]}function empty(){}exports.XHR=XHR,io.util.inherit(XHR,io.Transport),XHR.prototype.open=function(){return this.socket.setBuffer(!1),this.onOpen(),this.get(),this.setCloseTimeout(),this},XHR.prototype.payload=function(payload){var msgs=[];for(var i=0,l=payload.length;i<l;i++)msgs.push(io.parser.encodePacket(payload[i]));this.send(io.parser.encodePayload(msgs))},XHR.prototype.send=function(data){return this.post(data),this},XHR.prototype.post=function(data){function stateChange(){this.readyState==4&&(this.onreadystatechange=empty,self.posting=!1,this.status==200?self.socket.setBuffer(!1):self.onClose())}function onload(){this.onload=empty,self.socket.setBuffer(!1)}var self=this;this.socket.setBuffer(!0),this.sendXHR=this.request(\"POST\"),global.XDomainRequest&&this.sendXHR instanceof XDomainRequest?this.sendXHR.onload=this.sendXHR.onerror=onload:this.sendXHR.onreadystatechange=stateChange,this.sendXHR.send(data)},XHR.prototype.close=function(){return this.onClose(),this},XHR.prototype.request=function(method){var req=io.util.request(this.socket.isXDomain()),query=io.util.query(this.socket.options.query,\"t=\"+ +(new Date));req.open(method||\"GET\",this.prepareUrl()+query,!0);if(method==\"POST\")try{req.setRequestHeader?req.setRequestHeader(\"Content-type\",\"text/plain;charset=UTF-8\"):req.contentType=\"text/plain\"}catch(e){}return req},XHR.prototype.scheme=function(){return this.socket.options.secure?\"https\":\"http\"},XHR.check=function(socket,xdomain){try{var request=io.util.request(xdomain),usesXDomReq=global.XDomainRequest&&request instanceof XDomainRequest,socketProtocol=socket&&socket.options&&socket.options.secure?\"https:\":\"http:\",isXProtocol=socketProtocol!=global.location.protocol;if(request&&(!usesXDomReq||!isXProtocol))return!0}catch(e){}return!1},XHR.xdomainCheck=function(){return XHR.check(null,!0)}}(\"undefined\"!=typeof io?io.Transport:module.exports,\"undefined\"!=typeof io?io:module.parent.exports,this),function(exports,io){function HTMLFile(socket){io.Transport.XHR.apply(this,arguments)}exports.htmlfile=HTMLFile,io.util.inherit(HTMLFile,io.Transport.XHR),HTMLFile.prototype.name=\"htmlfile\",HTMLFile.prototype.get=function(){this.doc=new(window[[\"Active\"].concat(\"Object\").join(\"X\")])(\"htmlfile\"),this.doc.open(),this.doc.write(\"<html></html>\"),this.doc.close(),this.doc.parentWindow.s=this;var iframeC=this.doc.createElement(\"div\");iframeC.className=\"socketio\",this.doc.body.appendChild(iframeC),this.iframe=this.doc.createElement(\"iframe\"),iframeC.appendChild(this.iframe);var self=this,query=io.util.query(this.socket.options.query,\"t=\"+ +(new Date));this.iframe.src=this.prepareUrl()+query,io.util.on(window,\"unload\",function(){self.destroy()})},HTMLFile.prototype._=function(data,doc){this.onData(data);try{var script=doc.getElementsByTagName(\"script\")[0];script.parentNode.removeChild(script)}catch(e){}},HTMLFile.prototype.destroy=function(){if(this.iframe){try{this.iframe.src=\"about:blank\"}catch(e){}this.doc=null,this.iframe.parentNode.removeChild(this.iframe),this.iframe=null,CollectGarbage()}},HTMLFile.prototype.close=function(){return this.destroy(),io.Transport.XHR.prototype.close.call(this)},HTMLFile.check=function(){if(typeof window!=\"undefined\"&&[\"Active\"].concat(\"Object\").join(\"X\")in window)try{var a=new(window[[\"Active\"].concat(\"Object\").join(\"X\")])(\"htmlfile\");return a&&io.Transport.XHR.check()}catch(e){}return!1},HTMLFile.xdomainCheck=function(){return!1},io.transports.push(\"htmlfile\")}(\"undefined\"!=typeof io?io.Transport:module.exports,\"undefined\"!=typeof io?io:module.parent.exports),function(exports,io,global){function XHRPolling(){io.Transport.XHR.apply(this,arguments)}function empty(){}exports[\"xhr-polling\"]=XHRPolling,io.util.inherit(XHRPolling,io.Transport.XHR),io.util.merge(XHRPolling,io.Transport.XHR),XHRPolling.prototype.name=\"xhr-polling\",XHRPolling.prototype.open=function(){var self=this;return io.Transport.XHR.prototype.open.call(self),!1},XHRPolling.prototype.get=function(){function stateChange(){this.readyState==4&&(this.onreadystatechange=empty,this.status==200?(self.onData(this.responseText),self.get()):self.onClose())}function onload(){this.onload=empty,this.onerror=empty,self.onData(this.responseText),self.get()}function onerror(){self.onClose()}if(!this.open)return;var self=this;this.xhr=this.request(),global.XDomainRequest&&this.xhr instanceof XDomainRequest?(this.xhr.onload=onload,this.xhr.onerror=onerror):this.xhr.onreadystatechange=stateChange,this.xhr.send(null)},XHRPolling.prototype.onClose=function(){io.Transport.XHR.prototype.onClose.call(this);if(this.xhr){this.xhr.onreadystatechange=this.xhr.onload=this.xhr.onerror=empty;try{this.xhr.abort()}catch(e){}this.xhr=null}},XHRPolling.prototype.ready=function(socket,fn){var self=this;io.util.defer(function(){fn.call(self)})},io.transports.push(\"xhr-polling\")}(\"undefined\"!=typeof io?io.Transport:module.exports,\"undefined\"!=typeof io?io:module.parent.exports,this),function(exports,io,global){function JSONPPolling(socket){io.Transport[\"xhr-polling\"].apply(this,arguments),this.index=io.j.length;var self=this;io.j.push(function(msg){self._(msg)})}var indicator=global.document&&\"MozAppearance\"in global.document.documentElement.style;exports[\"jsonp-polling\"]=JSONPPolling,io.util.inherit(JSONPPolling,io.Transport[\"xhr-polling\"]),JSONPPolling.prototype.name=\"jsonp-polling\",JSONPPolling.prototype.post=function(data){function complete(){initIframe(),self.socket.setBuffer(!1)}function initIframe(){self.iframe&&self.form.removeChild(self.iframe);try{iframe=document.createElement('<iframe name=\"'+self.iframeId+'\">')}catch(e){iframe=document.createElement(\"iframe\"),iframe.name=self.iframeId}iframe.id=self.iframeId,self.form.appendChild(iframe),self.iframe=iframe}var self=this,query=io.util.query(this.socket.options.query,\"t=\"+ +(new Date)+\"&i=\"+this.index);if(!this.form){var form=document.createElement(\"form\"),area=document.createElement(\"textarea\"),id=this.iframeId=\"socketio_iframe_\"+this.index,iframe;form.className=\"socketio\",form.style.position=\"absolute\",form.style.top=\"0px\",form.style.left=\"0px\",form.style.display=\"none\",form.target=id,form.method=\"POST\",form.setAttribute(\"accept-charset\",\"utf-8\"),area.name=\"d\",form.appendChild(area),document.body.appendChild(form),this.form=form,this.area=area}this.form.action=this.prepareUrl()+query,initIframe(),this.area.value=io.JSON.stringify(data);try{this.form.submit()}catch(e){}this.iframe.attachEvent?iframe.onreadystatechange=function(){self.iframe.readyState==\"complete\"&&complete()}:this.iframe.onload=complete,this.socket.setBuffer(!0)},JSONPPolling.prototype.get=function(){var self=this,script=document.createElement(\"script\"),query=io.util.query(this.socket.options.query,\"t=\"+ +(new Date)+\"&i=\"+this.index);this.script&&(this.script.parentNode.removeChild(this.script),this.script=null),script.async=!0,script.src=this.prepareUrl()+query,script.onerror=function(){self.onClose()};var insertAt=document.getElementsByTagName(\"script\")[0];insertAt.parentNode.insertBefore(script,insertAt),this.script=script,indicator&&setTimeout(function(){var iframe=document.createElement(\"iframe\");document.body.appendChild(iframe),document.body.removeChild(iframe)},100)},JSONPPolling.prototype._=function(msg){return this.onData(msg),this.open&&this.get(),this},JSONPPolling.prototype.ready=function(socket,fn){var self=this;if(!indicator)return fn.call(this);io.util.load(function(){fn.call(self)})},JSONPPolling.check=function(){return\"document\"in global},JSONPPolling.xdomainCheck=function(){return!0},io.transports.push(\"jsonp-polling\")}(\"undefined\"!=typeof io?io.Transport:module.exports,\"undefined\"!=typeof io?io:module.parent.exports,this),define(\"socket.io\",function(){}),define(\"stack.io\",[\"socket.io\"],function(){function defaultHost(){var host=window.location.protocol+\"//\"+window.location.hostname;return window.location.port&&(host+=\":\"+window.location.port),host}function Engine(options,callback){if(!(this instanceof Engine))return new Engine(options,callback);var self=this;self.host=options.host||defaultHost(),self.host.indexOf(\"http://\")!=0&&self.host.indexOf(\"https://\")!=0&&(self.host=window.location.protocol+\"//\"+self.host),self.options=options||{},self._services={},self._channelCounter=0,self._channels={},self._socket=io.connect(self.host),self._socket.on(\"error\",function(error){console.error(error)}),self._socket.on(\"response\",function(channel,error,result,more){var callback=self._channels[channel];callback===undefined?console.error(\"Response receive on closed or non-existent channel \"+channel):(callback(error,result,more),more||delete self._channels[channel])}),self._socket.emit(\"init\",self.options,function(error){if(error)return callback(error);self._invoke(\"_stackio\",\"services\",function(error,result,more){if(error)return callback(error);for(var i=0;i<result.length;i++)self._services[result[i]]={context:null,introspected:null};callback(error,self)})})}function createStubMethod(engine,service,method){return function(){var args=[service,method].concat(Array.prototype.slice.call(arguments));engine._invoke.apply(engine,args)}}return Engine.prototype._invoke=function(service,method){if(arguments.length<3)throw new Error(\"No callback specified\");var args=Array.prototype.slice.call(arguments,2,arguments.length-1),callback=arguments[arguments.length-1],channel=this._channelCounter++;this._channels[channel]=callback,this._socket.emit(\"invoke\",channel,service,method,args)},Engine.prototype.login=function(){var args=[\"_stackio\",\"login\"].concat(Array.prototype.slice.call(arguments));this._invoke.apply(this,args)},Engine.prototype.logout=function(){var args=[\"_stackio\",\"logout\"].concat(Array.prototype.slice.call(arguments));this._invoke.apply(this,args)},Engine.prototype._introspect=function(service,callback){this._invoke(\"_stackio\",\"inspect\",service,callback)},Engine.prototype.services=function(){var services=[];for(var service in this._services)services.push(service);return services},Engine.prototype.introspect=function(service,callback){var self=this,cached=self._services[service];if(!cached)throw new Error(\"Unknown service\");cached.introspected?callback(null,cached.introspected):this._introspect(service,function(error,result){result&&(self._services[service].introspected=result),callback(error,result)})},Engine.prototype.use=function(service,callback){var self=this,cached=self._services[service];if(!cached)throw new Error(\"Unknown service\");cached.context?callback(null,cached.context):self.introspect(service,function(error,result){if(error)return callback(error);var context={};for(var method in result.methods)context[method]=createStubMethod(self,service,method);cached.context=context,callback(error,context)})},Engine.prototype.call=function(service,method){return createStubMethod(this,service,method)},{io:Engine}}),require([\"stack.io\"],function(stack){window.stack=stack}),window.stack={io:function(){var args=arguments;require([\"stack.io\"],function(stack){stack.io.apply(null,args)})}}})()"],"l":{"132":2}},"/home/travis/build/npmtest/node-npmtest-stack.io/node_modules/stack.io/bin/stack.io/lib/validation.js":{"path":"/home/travis/build/npmtest/node-npmtest-stack.io/node_modules/stack.io/bin/stack.io/lib/validation.js","s":{"1":1,"2":1,"3":0,"4":0,"5":0,"6":0,"7":0,"8":0,"9":1,"10":0,"11":0,"12":1,"13":0,"14":0,"15":1,"16":0,"17":0,"18":0,"19":0,"20":1,"21":0,"22":0,"23":0,"24":0,"25":0,"26":0,"27":1,"28":1,"29":1,"30":1},"b":{"1":[0,0],"2":[0,0],"3":[0,0],"4":[0,0],"5":[0,0],"6":[0,0],"7":[0,0],"8":[0,0],"9":[0,0]},"f":{"1":0,"2":0,"3":0,"4":0,"5":0},"fnMap":{"1":{"name":"checkIdentifier","line":31,"loc":{"start":{"line":31,"column":0},"end":{"line":31,"column":43}}},"2":{"name":"validateCallback","line":38,"loc":{"start":{"line":38,"column":0},"end":{"line":38,"column":31}}},"3":{"name":"validateNumber","line":42,"loc":{"start":{"line":42,"column":0},"end":{"line":42,"column":35}}},"4":{"name":"validateInvocation","line":47,"loc":{"start":{"line":47,"column":0},"end":{"line":47,"column":51}}},"5":{"name":"validateOptions","line":53,"loc":{"start":{"line":53,"column":0},"end":{"line":53,"column":34}}}},"statementMap":{"1":{"start":{"line":24,"column":0},"end":{"line":28,"column":43}},"2":{"start":{"line":31,"column":0},"end":{"line":36,"column":1}},"3":{"start":{"line":32,"column":4},"end":{"line":33,"column":86}},"4":{"start":{"line":32,"column":40},"end":{"line":33,"column":86}},"5":{"start":{"line":34,"column":4},"end":{"line":34,"column":78}},"6":{"start":{"line":34,"column":50},"end":{"line":34,"column":78}},"7":{"start":{"line":35,"column":4},"end":{"line":35,"column":71}},"8":{"start":{"line":35,"column":47},"end":{"line":35,"column":71}},"9":{"start":{"line":38,"column":0},"end":{"line":40,"column":1}},"10":{"start":{"line":39,"column":4},"end":{"line":39,"column":62}},"11":{"start":{"line":39,"column":34},"end":{"line":39,"column":62}},"12":{"start":{"line":42,"column":0},"end":{"line":44,"column":1}},"13":{"start":{"line":43,"column":4},"end":{"line":43,"column":77}},"14":{"start":{"line":43,"column":32},"end":{"line":43,"column":77}},"15":{"start":{"line":47,"column":0},"end":{"line":51,"column":1}},"16":{"start":{"line":48,"column":4},"end":{"line":48,"column":40}},"17":{"start":{"line":49,"column":4},"end":{"line":49,"column":38}},"18":{"start":{"line":50,"column":4},"end":{"line":50,"column":70}},"19":{"start":{"line":50,"column":33},"end":{"line":50,"column":70}},"20":{"start":{"line":53,"column":0},"end":{"line":63,"column":1}},"21":{"start":{"line":54,"column":4},"end":{"line":54,"column":77}},"22":{"start":{"line":54,"column":36},"end":{"line":54,"column":77}},"23":{"start":{"line":56,"column":4},"end":{"line":62,"column":5}},"24":{"start":{"line":57,"column":8},"end":{"line":61,"column":9}},"25":{"start":{"line":58,"column":12},"end":{"line":60,"column":13}},"26":{"start":{"line":59,"column":16},"end":{"line":59,"column":101}},"27":{"start":{"line":65,"column":0},"end":{"line":65,"column":44}},"28":{"start":{"line":66,"column":0},"end":{"line":66,"column":40}},"29":{"start":{"line":67,"column":0},"end":{"line":67,"column":48}},"30":{"start":{"line":68,"column":0},"end":{"line":68,"column":42}}},"branchMap":{"1":{"line":32,"type":"if","locations":[{"start":{"line":32,"column":4},"end":{"line":32,"column":4}},{"start":{"line":32,"column":4},"end":{"line":32,"column":4}}]},"2":{"line":34,"type":"if","locations":[{"start":{"line":34,"column":4},"end":{"line":34,"column":4}},{"start":{"line":34,"column":4},"end":{"line":34,"column":4}}]},"3":{"line":35,"type":"if","locations":[{"start":{"line":35,"column":4},"end":{"line":35,"column":4}},{"start":{"line":35,"column":4},"end":{"line":35,"column":4}}]},"4":{"line":39,"type":"if","locations":[{"start":{"line":39,"column":4},"end":{"line":39,"column":4}},{"start":{"line":39,"column":4},"end":{"line":39,"column":4}}]},"5":{"line":43,"type":"if","locations":[{"start":{"line":43,"column":4},"end":{"line":43,"column":4}},{"start":{"line":43,"column":4},"end":{"line":43,"column":4}}]},"6":{"line":50,"type":"if","locations":[{"start":{"line":50,"column":4},"end":{"line":50,"column":4}},{"start":{"line":50,"column":4},"end":{"line":50,"column":4}}]},"7":{"line":54,"type":"if","locations":[{"start":{"line":54,"column":4},"end":{"line":54,"column":4}},{"start":{"line":54,"column":4},"end":{"line":54,"column":4}}]},"8":{"line":57,"type":"if","locations":[{"start":{"line":57,"column":8},"end":{"line":57,"column":8}},{"start":{"line":57,"column":8},"end":{"line":57,"column":8}}]},"9":{"line":58,"type":"if","locations":[{"start":{"line":58,"column":12},"end":{"line":58,"column":12}},{"start":{"line":58,"column":12},"end":{"line":58,"column":12}}]}},"code":["// Open Source Initiative OSI - The MIT License (MIT):Licensing","//","// The MIT License (MIT)","// Copyright (c) 2012 DotCloud Inc (opensource@dotcloud.com)","//","// Permission is hereby granted, free of charge, to any person obtaining a","// copy of this software and associated documentation files (the \"Software\"),","// to deal in the Software without restriction, including without limitation","// the rights to use, copy, modify, merge, publish, distribute, sublicense,","// and/or sell copies of the Software, and to permit persons to whom the","// Software is furnished to do so, subject to the following conditions:","//","// The above copyright notice and this permission notice shall be included in","// all copies or substantial portions of the Software.","//","// THE SOFTWARE IS PROVIDED \"AS IS\", WITHOUT WARRANTY OF ANY KIND, EXPRESS OR","// IMPLIED, INCLUDING BUT NOT LIMITED TO THE WARRANTIES OF MERCHANTABILITY,","// FITNESS FOR A PARTICULAR PURPOSE AND NONINFRINGEMENT. IN NO EVENT SHALL THE","// AUTHORS OR COPYRIGHT HOLDERS BE LIABLE FOR ANY CLAIM, DAMAGES OR OTHER","// LIABILITY, WHETHER IN AN ACTION OF CONTRACT, TORT OR OTHERWISE, ARISING","// FROM, OUT OF OR IN CONNECTION WITH THE SOFTWARE OR THE USE OR OTHER","// DEALINGS IN THE SOFTWARE.","","var MAX_IDENTIFIER_LENGTH = 1024,","    MAX_USERNAME_LENGTH = 128,","    MAX_PASSWORD_LENGTH = 128,","    IDENTIFIER_VALIDATOR = /^[a-zA-Z_][a-zA-Z_0-9-]+$/,","    OPTIONS_CHECKS = { timeout: 'number' };","","//Validates an identifier","function checkIdentifier(identifier, name) {","    if(typeof(identifier) !== 'string') throw \"expected \" + name + \" to be a string\" +","        \", got \" + JSON.stringify(identifier) + \"[\" + typeof identifier + \"] instead\";","    if(identifier.length > MAX_IDENTIFIER_LENGTH) throw name + \" is too long\";","    if(!IDENTIFIER_VALIDATOR.test(identifier)) throw \"invalid \" + name;","}","","function validateCallback(obj) {","    if(typeof(obj) != 'function') throw \"expected a function\";","}","","function validateNumber(name, obj) {","    if(typeof(obj) != 'number') throw \"expected \" + name + \" to be a number\";","}","","//Validates an invocation request","function validateInvocation(service, method, args) {","    checkIdentifier(service, \"service\");","    checkIdentifier(method, \"method\");","    if(!(args instanceof Array)) throw \"expected args to be an array\";","}","","function validateOptions(options) {","    if(typeof(options) != 'object') throw \"expected options to be an object\";","","    for(var key in OPTIONS_CHECKS) {","        if(key in options) {","            if(typeof(options[key]) != OPTIONS_CHECKS[key]) {","                throw \"option '\" + key + \"' is of the incorrect type; expected a(n) \" + expectedType;","            }","        }","    }","}","","exports.validateCallback = validateCallback;","exports.validateNumber = validateNumber;","exports.validateInvocation = validateInvocation;","exports.validateOptions = validateOptions;"],"l":{"24":1,"31":1,"32":0,"34":0,"35":0,"38":1,"39":0,"42":1,"43":0,"47":1,"48":0,"49":0,"50":0,"53":1,"54":0,"56":0,"57":0,"58":0,"59":0,"65":1,"66":1,"67":1,"68":1}}}